<?xml version="1.0" encoding="UTF-8"?>
<!DOCTYPE coverage SYSTEM "https://raw.githubusercontent.com/cobertura/cobertura/master/cobertura/src/site/htdocs/xml/coverage-04.dtd">
<coverage line-rate="0.941356450790413" branch-rate="0" lines-covered="1846" lines-valid="1961" branches-covered="0" branches-valid="0" complexity="0" version="3.6.5" timestamp="2026-02-23 18:23:02.515685">
  <sources>
    <source>D:/OneDrive - Florida State University/MyFSU_OneDrive/R-Codes/RMSTSpowerBoost/RMSTpowerBoost-Package</source>
  </sources>
  <packages>
    <package name="RMSTpowerBoost" line-rate="0.941356450790413" branch-rate="0" complexity="0">
      <classes>
        <class name="additive_gam_boot.R" filename="R/additive_gam_boot.R" line-rate="0.98780487804878" branch-rate="0" complexity="0">
          <methods>
            <method name="GAM.power.boot" signature="" line-rate="0.990476190476191" branch-rate="0" complexity="0">
              <lines>
                <line number="78" hits="9" branch="false"/>
                <line number="79" hits="1" branch="false"/>
                <line number="80" hits="8" branch="false"/>
                <line number="81" hits="2" branch="false"/>
                <line number="82" hits="1" branch="false"/>
                <line number="86" hits="7" branch="false"/>
                <line number="89" hits="7" branch="false"/>
                <line number="90" hits="7" branch="false"/>
                <line number="91" hits="7" branch="false"/>
                <line number="94" hits="7" branch="false"/>
                <line number="95" hits="7" branch="false"/>
                <line number="96" hits="6" branch="false"/>
                <line number="97" hits="6" branch="false"/>
                <line number="99" hits="6" branch="false"/>
                <line number="101" hits="1" branch="false"/>
                <line number="102" hits="1" branch="false"/>
                <line number="103" hits="1" branch="false"/>
                <line number="105" hits="7" branch="false"/>
                <line number="106" hits="7" branch="false"/>
                <line number="109" hits="7" branch="false"/>
                <line number="110" hits="7" branch="false"/>
                <line number="111" hits="0" branch="false"/>
                <line number="112" hits="7" branch="false"/>
                <line number="113" hits="7" branch="false"/>
                <line number="114" hits="7" branch="false"/>
                <line number="115" hits="7" branch="false"/>
                <line number="116" hits="7" branch="false"/>
                <line number="117" hits="7" branch="false"/>
                <line number="118" hits="7" branch="false"/>
                <line number="119" hits="7" branch="false"/>
                <line number="120" hits="2" branch="false"/>
                <line number="121" hits="7" branch="false"/>
                <line number="122" hits="7" branch="false"/>
                <line number="123" hits="7" branch="false"/>
                <line number="125" hits="7" branch="false"/>
                <line number="126" hits="7" branch="false"/>
                <line number="127" hits="7" branch="false"/>
                <line number="129" hits="7" branch="false"/>
                <line number="132" hits="7" branch="false"/>
                <line number="133" hits="1" branch="false"/>
                <line number="135" hits="6" branch="false"/>
                <line number="137" hits="7" branch="false"/>
                <line number="139" hits="7" branch="false"/>
                <line number="140" hits="7" branch="false"/>
                <line number="141" hits="7" branch="false"/>
                <line number="143" hits="7" branch="false"/>
                <line number="144" hits="7" branch="false"/>
                <line number="145" hits="7" branch="false"/>
                <line number="146" hits="7" branch="false"/>
                <line number="147" hits="7" branch="false"/>
                <line number="148" hits="7" branch="false"/>
                <line number="149" hits="7" branch="false"/>
                <line number="150" hits="7" branch="false"/>
                <line number="151" hits="7" branch="false"/>
                <line number="152" hits="7" branch="false"/>
                <line number="153" hits="7" branch="false"/>
                <line number="154" hits="7" branch="false"/>
                <line number="155" hits="7" branch="false"/>
                <line number="156" hits="7" branch="false"/>
                <line number="157" hits="7" branch="false"/>
                <line number="158" hits="7" branch="false"/>
                <line number="159" hits="7" branch="false"/>
                <line number="160" hits="7" branch="false"/>
                <line number="161" hits="7" branch="false"/>
                <line number="162" hits="7" branch="false"/>
                <line number="163" hits="7" branch="false"/>
                <line number="164" hits="7" branch="false"/>
                <line number="165" hits="7" branch="false"/>
                <line number="166" hits="7" branch="false"/>
                <line number="167" hits="7" branch="false"/>
                <line number="168" hits="7" branch="false"/>
                <line number="169" hits="7" branch="false"/>
                <line number="170" hits="7" branch="false"/>
                <line number="172" hits="5" branch="false"/>
                <line number="173" hits="5" branch="false"/>
                <line number="174" hits="5" branch="false"/>
                <line number="176" hits="5" branch="false"/>
                <line number="177" hits="5" branch="false"/>
                <line number="178" hits="5" branch="false"/>
                <line number="181" hits="5" branch="false"/>
                <line number="182" hits="5" branch="false"/>
                <line number="183" hits="5" branch="false"/>
                <line number="184" hits="5" branch="false"/>
                <line number="185" hits="5" branch="false"/>
                <line number="186" hits="5" branch="false"/>
                <line number="187" hits="5" branch="false"/>
                <line number="188" hits="1" branch="false"/>
                <line number="189" hits="1" branch="false"/>
                <line number="190" hits="1" branch="false"/>
                <line number="191" hits="1" branch="false"/>
                <line number="194" hits="5" branch="false"/>
                <line number="195" hits="5" branch="false"/>
                <line number="196" hits="5" branch="false"/>
                <line number="197" hits="5" branch="false"/>
                <line number="198" hits="5" branch="false"/>
                <line number="199" hits="5" branch="false"/>
                <line number="200" hits="5" branch="false"/>
                <line number="202" hits="5" branch="false"/>
                <line number="203" hits="5" branch="false"/>
                <line number="204" hits="5" branch="false"/>
                <line number="205" hits="5" branch="false"/>
                <line number="206" hits="5" branch="false"/>
                <line number="207" hits="1" branch="false"/>
                <line number="209" hits="4" branch="false"/>
                <line number="212" hits="5" branch="false"/>
              </lines>
            </method>
            <method name="GAM.ss.boot" signature="" line-rate="0.985815602836879" branch-rate="0" complexity="0">
              <lines>
                <line number="292" hits="8" branch="false"/>
                <line number="293" hits="8" branch="false"/>
                <line number="294" hits="1" branch="false"/>
                <line number="296" hits="7" branch="false"/>
                <line number="297" hits="1" branch="false"/>
                <line number="298" hits="1" branch="false"/>
                <line number="302" hits="6" branch="false"/>
                <line number="305" hits="6" branch="false"/>
                <line number="306" hits="6" branch="false"/>
                <line number="307" hits="6" branch="false"/>
                <line number="310" hits="6" branch="false"/>
                <line number="311" hits="6" branch="false"/>
                <line number="312" hits="5" branch="false"/>
                <line number="313" hits="5" branch="false"/>
                <line number="314" hits="5" branch="false"/>
                <line number="316" hits="1" branch="false"/>
                <line number="317" hits="1" branch="false"/>
                <line number="318" hits="1" branch="false"/>
                <line number="320" hits="6" branch="false"/>
                <line number="321" hits="6" branch="false"/>
                <line number="324" hits="6" branch="false"/>
                <line number="325" hits="6" branch="false"/>
                <line number="326" hits="0" branch="false"/>
                <line number="327" hits="6" branch="false"/>
                <line number="328" hits="6" branch="false"/>
                <line number="329" hits="6" branch="false"/>
                <line number="330" hits="6" branch="false"/>
                <line number="331" hits="6" branch="false"/>
                <line number="332" hits="6" branch="false"/>
                <line number="333" hits="6" branch="false"/>
                <line number="334" hits="6" branch="false"/>
                <line number="335" hits="2" branch="false"/>
                <line number="336" hits="6" branch="false"/>
                <line number="337" hits="6" branch="false"/>
                <line number="338" hits="6" branch="false"/>
                <line number="340" hits="6" branch="false"/>
                <line number="341" hits="6" branch="false"/>
                <line number="342" hits="6" branch="false"/>
                <line number="345" hits="6" branch="false"/>
                <line number="346" hits="0" branch="false"/>
                <line number="348" hits="6" branch="false"/>
                <line number="350" hits="6" branch="false"/>
                <line number="353" hits="6" branch="false"/>
                <line number="354" hits="6" branch="false"/>
                <line number="355" hits="6" branch="false"/>
                <line number="356" hits="6" branch="false"/>
                <line number="357" hits="6" branch="false"/>
                <line number="358" hits="6" branch="false"/>
                <line number="359" hits="6" branch="false"/>
                <line number="361" hits="6" branch="false"/>
                <line number="362" hits="6" branch="false"/>
                <line number="364" hits="6" branch="false"/>
                <line number="365" hits="6" branch="false"/>
                <line number="366" hits="6" branch="false"/>
                <line number="367" hits="6" branch="false"/>
                <line number="368" hits="6" branch="false"/>
                <line number="369" hits="6" branch="false"/>
                <line number="370" hits="6" branch="false"/>
                <line number="371" hits="6" branch="false"/>
                <line number="372" hits="6" branch="false"/>
                <line number="373" hits="6" branch="false"/>
                <line number="374" hits="6" branch="false"/>
                <line number="375" hits="6" branch="false"/>
                <line number="376" hits="6" branch="false"/>
                <line number="377" hits="6" branch="false"/>
                <line number="378" hits="6" branch="false"/>
                <line number="379" hits="6" branch="false"/>
                <line number="380" hits="6" branch="false"/>
                <line number="381" hits="6" branch="false"/>
                <line number="382" hits="6" branch="false"/>
                <line number="383" hits="6" branch="false"/>
                <line number="384" hits="6" branch="false"/>
                <line number="385" hits="6" branch="false"/>
                <line number="386" hits="6" branch="false"/>
                <line number="387" hits="6" branch="false"/>
                <line number="388" hits="6" branch="false"/>
                <line number="389" hits="6" branch="false"/>
                <line number="390" hits="6" branch="false"/>
                <line number="391" hits="6" branch="false"/>
                <line number="393" hits="6" branch="false"/>
                <line number="394" hits="6" branch="false"/>
                <line number="395" hits="6" branch="false"/>
                <line number="396" hits="6" branch="false"/>
                <line number="397" hits="6" branch="false"/>
                <line number="399" hits="6" branch="false"/>
                <line number="400" hits="6" branch="false"/>
                <line number="401" hits="6" branch="false"/>
                <line number="403" hits="6" branch="false"/>
                <line number="404" hits="2" branch="false"/>
                <line number="405" hits="2" branch="false"/>
                <line number="406" hits="2" branch="false"/>
                <line number="407" hits="2" branch="false"/>
                <line number="408" hits="6" branch="false"/>
                <line number="409" hits="6" branch="false"/>
                <line number="410" hits="3" branch="false"/>
                <line number="411" hits="3" branch="false"/>
                <line number="412" hits="3" branch="false"/>
                <line number="413" hits="3" branch="false"/>
                <line number="414" hits="6" branch="false"/>
                <line number="415" hits="3" branch="false"/>
                <line number="416" hits="6" branch="false"/>
                <line number="417" hits="6" branch="false"/>
                <line number="418" hits="2" branch="false"/>
                <line number="419" hits="2" branch="false"/>
                <line number="420" hits="2" branch="false"/>
                <line number="421" hits="2" branch="false"/>
                <line number="422" hits="6" branch="false"/>
                <line number="423" hits="4" branch="false"/>
                <line number="424" hits="6" branch="false"/>
                <line number="426" hits="5" branch="false"/>
                <line number="427" hits="1" branch="false"/>
                <line number="428" hits="1" branch="false"/>
                <line number="432" hits="5" branch="false"/>
                <line number="433" hits="5" branch="false"/>
                <line number="434" hits="5" branch="false"/>
                <line number="435" hits="5" branch="false"/>
                <line number="436" hits="5" branch="false"/>
                <line number="437" hits="1" branch="false"/>
                <line number="438" hits="1" branch="false"/>
                <line number="439" hits="1" branch="false"/>
                <line number="440" hits="1" branch="false"/>
                <line number="444" hits="5" branch="false"/>
                <line number="445" hits="5" branch="false"/>
                <line number="446" hits="5" branch="false"/>
                <line number="448" hits="5" branch="false"/>
                <line number="449" hits="5" branch="false"/>
                <line number="450" hits="5" branch="false"/>
                <line number="451" hits="5" branch="false"/>
                <line number="452" hits="5" branch="false"/>
                <line number="453" hits="5" branch="false"/>
                <line number="454" hits="5" branch="false"/>
                <line number="455" hits="5" branch="false"/>
                <line number="456" hits="5" branch="false"/>
                <line number="458" hits="5" branch="false"/>
                <line number="459" hits="5" branch="false"/>
                <line number="460" hits="5" branch="false"/>
                <line number="462" hits="5" branch="false"/>
                <line number="463" hits="5" branch="false"/>
                <line number="464" hits="1" branch="false"/>
                <line number="466" hits="4" branch="false"/>
                <line number="469" hits="5" branch="false"/>
              </lines>
            </method>
          </methods>
          <lines>
            <line number="78" hits="9" branch="false"/>
            <line number="79" hits="1" branch="false"/>
            <line number="80" hits="8" branch="false"/>
            <line number="81" hits="2" branch="false"/>
            <line number="82" hits="1" branch="false"/>
            <line number="86" hits="7" branch="false"/>
            <line number="89" hits="7" branch="false"/>
            <line number="90" hits="7" branch="false"/>
            <line number="91" hits="7" branch="false"/>
            <line number="94" hits="7" branch="false"/>
            <line number="95" hits="7" branch="false"/>
            <line number="96" hits="6" branch="false"/>
            <line number="97" hits="6" branch="false"/>
            <line number="99" hits="6" branch="false"/>
            <line number="101" hits="1" branch="false"/>
            <line number="102" hits="1" branch="false"/>
            <line number="103" hits="1" branch="false"/>
            <line number="105" hits="7" branch="false"/>
            <line number="106" hits="7" branch="false"/>
            <line number="109" hits="7" branch="false"/>
            <line number="110" hits="7" branch="false"/>
            <line number="111" hits="0" branch="false"/>
            <line number="112" hits="7" branch="false"/>
            <line number="113" hits="7" branch="false"/>
            <line number="114" hits="7" branch="false"/>
            <line number="115" hits="7" branch="false"/>
            <line number="116" hits="7" branch="false"/>
            <line number="117" hits="7" branch="false"/>
            <line number="118" hits="7" branch="false"/>
            <line number="119" hits="7" branch="false"/>
            <line number="120" hits="2" branch="false"/>
            <line number="121" hits="7" branch="false"/>
            <line number="122" hits="7" branch="false"/>
            <line number="123" hits="7" branch="false"/>
            <line number="125" hits="7" branch="false"/>
            <line number="126" hits="7" branch="false"/>
            <line number="127" hits="7" branch="false"/>
            <line number="129" hits="7" branch="false"/>
            <line number="132" hits="7" branch="false"/>
            <line number="133" hits="1" branch="false"/>
            <line number="135" hits="6" branch="false"/>
            <line number="137" hits="7" branch="false"/>
            <line number="139" hits="7" branch="false"/>
            <line number="140" hits="7" branch="false"/>
            <line number="141" hits="7" branch="false"/>
            <line number="143" hits="7" branch="false"/>
            <line number="144" hits="7" branch="false"/>
            <line number="145" hits="7" branch="false"/>
            <line number="146" hits="7" branch="false"/>
            <line number="147" hits="7" branch="false"/>
            <line number="148" hits="7" branch="false"/>
            <line number="149" hits="7" branch="false"/>
            <line number="150" hits="7" branch="false"/>
            <line number="151" hits="7" branch="false"/>
            <line number="152" hits="7" branch="false"/>
            <line number="153" hits="7" branch="false"/>
            <line number="154" hits="7" branch="false"/>
            <line number="155" hits="7" branch="false"/>
            <line number="156" hits="7" branch="false"/>
            <line number="157" hits="7" branch="false"/>
            <line number="158" hits="7" branch="false"/>
            <line number="159" hits="7" branch="false"/>
            <line number="160" hits="7" branch="false"/>
            <line number="161" hits="7" branch="false"/>
            <line number="162" hits="7" branch="false"/>
            <line number="163" hits="7" branch="false"/>
            <line number="164" hits="7" branch="false"/>
            <line number="165" hits="7" branch="false"/>
            <line number="166" hits="7" branch="false"/>
            <line number="167" hits="7" branch="false"/>
            <line number="168" hits="7" branch="false"/>
            <line number="169" hits="7" branch="false"/>
            <line number="170" hits="7" branch="false"/>
            <line number="172" hits="5" branch="false"/>
            <line number="173" hits="5" branch="false"/>
            <line number="174" hits="5" branch="false"/>
            <line number="176" hits="5" branch="false"/>
            <line number="177" hits="5" branch="false"/>
            <line number="178" hits="5" branch="false"/>
            <line number="181" hits="5" branch="false"/>
            <line number="182" hits="5" branch="false"/>
            <line number="183" hits="5" branch="false"/>
            <line number="184" hits="5" branch="false"/>
            <line number="185" hits="5" branch="false"/>
            <line number="186" hits="5" branch="false"/>
            <line number="187" hits="5" branch="false"/>
            <line number="188" hits="1" branch="false"/>
            <line number="189" hits="1" branch="false"/>
            <line number="190" hits="1" branch="false"/>
            <line number="191" hits="1" branch="false"/>
            <line number="194" hits="5" branch="false"/>
            <line number="195" hits="5" branch="false"/>
            <line number="196" hits="5" branch="false"/>
            <line number="197" hits="5" branch="false"/>
            <line number="198" hits="5" branch="false"/>
            <line number="199" hits="5" branch="false"/>
            <line number="200" hits="5" branch="false"/>
            <line number="202" hits="5" branch="false"/>
            <line number="203" hits="5" branch="false"/>
            <line number="204" hits="5" branch="false"/>
            <line number="205" hits="5" branch="false"/>
            <line number="206" hits="5" branch="false"/>
            <line number="207" hits="1" branch="false"/>
            <line number="209" hits="4" branch="false"/>
            <line number="212" hits="5" branch="false"/>
            <line number="292" hits="8" branch="false"/>
            <line number="293" hits="8" branch="false"/>
            <line number="294" hits="1" branch="false"/>
            <line number="296" hits="7" branch="false"/>
            <line number="297" hits="1" branch="false"/>
            <line number="298" hits="1" branch="false"/>
            <line number="302" hits="6" branch="false"/>
            <line number="305" hits="6" branch="false"/>
            <line number="306" hits="6" branch="false"/>
            <line number="307" hits="6" branch="false"/>
            <line number="310" hits="6" branch="false"/>
            <line number="311" hits="6" branch="false"/>
            <line number="312" hits="5" branch="false"/>
            <line number="313" hits="5" branch="false"/>
            <line number="314" hits="5" branch="false"/>
            <line number="316" hits="1" branch="false"/>
            <line number="317" hits="1" branch="false"/>
            <line number="318" hits="1" branch="false"/>
            <line number="320" hits="6" branch="false"/>
            <line number="321" hits="6" branch="false"/>
            <line number="324" hits="6" branch="false"/>
            <line number="325" hits="6" branch="false"/>
            <line number="326" hits="0" branch="false"/>
            <line number="327" hits="6" branch="false"/>
            <line number="328" hits="6" branch="false"/>
            <line number="329" hits="6" branch="false"/>
            <line number="330" hits="6" branch="false"/>
            <line number="331" hits="6" branch="false"/>
            <line number="332" hits="6" branch="false"/>
            <line number="333" hits="6" branch="false"/>
            <line number="334" hits="6" branch="false"/>
            <line number="335" hits="2" branch="false"/>
            <line number="336" hits="6" branch="false"/>
            <line number="337" hits="6" branch="false"/>
            <line number="338" hits="6" branch="false"/>
            <line number="340" hits="6" branch="false"/>
            <line number="341" hits="6" branch="false"/>
            <line number="342" hits="6" branch="false"/>
            <line number="345" hits="6" branch="false"/>
            <line number="346" hits="0" branch="false"/>
            <line number="348" hits="6" branch="false"/>
            <line number="350" hits="6" branch="false"/>
            <line number="353" hits="6" branch="false"/>
            <line number="354" hits="6" branch="false"/>
            <line number="355" hits="6" branch="false"/>
            <line number="356" hits="6" branch="false"/>
            <line number="357" hits="6" branch="false"/>
            <line number="358" hits="6" branch="false"/>
            <line number="359" hits="6" branch="false"/>
            <line number="361" hits="6" branch="false"/>
            <line number="362" hits="6" branch="false"/>
            <line number="364" hits="6" branch="false"/>
            <line number="365" hits="6" branch="false"/>
            <line number="366" hits="6" branch="false"/>
            <line number="367" hits="6" branch="false"/>
            <line number="368" hits="6" branch="false"/>
            <line number="369" hits="6" branch="false"/>
            <line number="370" hits="6" branch="false"/>
            <line number="371" hits="6" branch="false"/>
            <line number="372" hits="6" branch="false"/>
            <line number="373" hits="6" branch="false"/>
            <line number="374" hits="6" branch="false"/>
            <line number="375" hits="6" branch="false"/>
            <line number="376" hits="6" branch="false"/>
            <line number="377" hits="6" branch="false"/>
            <line number="378" hits="6" branch="false"/>
            <line number="379" hits="6" branch="false"/>
            <line number="380" hits="6" branch="false"/>
            <line number="381" hits="6" branch="false"/>
            <line number="382" hits="6" branch="false"/>
            <line number="383" hits="6" branch="false"/>
            <line number="384" hits="6" branch="false"/>
            <line number="385" hits="6" branch="false"/>
            <line number="386" hits="6" branch="false"/>
            <line number="387" hits="6" branch="false"/>
            <line number="388" hits="6" branch="false"/>
            <line number="389" hits="6" branch="false"/>
            <line number="390" hits="6" branch="false"/>
            <line number="391" hits="6" branch="false"/>
            <line number="393" hits="6" branch="false"/>
            <line number="394" hits="6" branch="false"/>
            <line number="395" hits="6" branch="false"/>
            <line number="396" hits="6" branch="false"/>
            <line number="397" hits="6" branch="false"/>
            <line number="399" hits="6" branch="false"/>
            <line number="400" hits="6" branch="false"/>
            <line number="401" hits="6" branch="false"/>
            <line number="403" hits="6" branch="false"/>
            <line number="404" hits="2" branch="false"/>
            <line number="405" hits="2" branch="false"/>
            <line number="406" hits="2" branch="false"/>
            <line number="407" hits="2" branch="false"/>
            <line number="408" hits="6" branch="false"/>
            <line number="409" hits="6" branch="false"/>
            <line number="410" hits="3" branch="false"/>
            <line number="411" hits="3" branch="false"/>
            <line number="412" hits="3" branch="false"/>
            <line number="413" hits="3" branch="false"/>
            <line number="414" hits="6" branch="false"/>
            <line number="415" hits="3" branch="false"/>
            <line number="416" hits="6" branch="false"/>
            <line number="417" hits="6" branch="false"/>
            <line number="418" hits="2" branch="false"/>
            <line number="419" hits="2" branch="false"/>
            <line number="420" hits="2" branch="false"/>
            <line number="421" hits="2" branch="false"/>
            <line number="422" hits="6" branch="false"/>
            <line number="423" hits="4" branch="false"/>
            <line number="424" hits="6" branch="false"/>
            <line number="426" hits="5" branch="false"/>
            <line number="427" hits="1" branch="false"/>
            <line number="428" hits="1" branch="false"/>
            <line number="432" hits="5" branch="false"/>
            <line number="433" hits="5" branch="false"/>
            <line number="434" hits="5" branch="false"/>
            <line number="435" hits="5" branch="false"/>
            <line number="436" hits="5" branch="false"/>
            <line number="437" hits="1" branch="false"/>
            <line number="438" hits="1" branch="false"/>
            <line number="439" hits="1" branch="false"/>
            <line number="440" hits="1" branch="false"/>
            <line number="444" hits="5" branch="false"/>
            <line number="445" hits="5" branch="false"/>
            <line number="446" hits="5" branch="false"/>
            <line number="448" hits="5" branch="false"/>
            <line number="449" hits="5" branch="false"/>
            <line number="450" hits="5" branch="false"/>
            <line number="451" hits="5" branch="false"/>
            <line number="452" hits="5" branch="false"/>
            <line number="453" hits="5" branch="false"/>
            <line number="454" hits="5" branch="false"/>
            <line number="455" hits="5" branch="false"/>
            <line number="456" hits="5" branch="false"/>
            <line number="458" hits="5" branch="false"/>
            <line number="459" hits="5" branch="false"/>
            <line number="460" hits="5" branch="false"/>
            <line number="462" hits="5" branch="false"/>
            <line number="463" hits="5" branch="false"/>
            <line number="464" hits="1" branch="false"/>
            <line number="466" hits="4" branch="false"/>
            <line number="469" hits="5" branch="false"/>
          </lines>
        </class>
        <class name="additive_stratified_analytical.R" filename="R/additive_stratified_analytical.R" line-rate="0.946859903381642" branch-rate="0" complexity="0">
          <methods>
            <method name="additive.power.analytical" signature="" line-rate="0.947916666666667" branch-rate="0" complexity="0">
              <lines>
                <line number="67" hits="2" branch="false"/>
                <line number="68" hits="2" branch="false"/>
                <line number="69" hits="2" branch="false"/>
                <line number="70" hits="2" branch="false"/>
                <line number="71" hits="2" branch="false"/>
                <line number="73" hits="2" branch="false"/>
                <line number="74" hits="2" branch="false"/>
                <line number="76" hits="2" branch="false"/>
                <line number="77" hits="2" branch="false"/>
                <line number="78" hits="2" branch="false"/>
                <line number="79" hits="2" branch="false"/>
                <line number="81" hits="2" branch="false"/>
                <line number="82" hits="2" branch="false"/>
                <line number="83" hits="2" branch="false"/>
                <line number="84" hits="2" branch="false"/>
                <line number="85" hits="5" branch="false"/>
                <line number="86" hits="5" branch="false"/>
                <line number="87" hits="5" branch="false"/>
                <line number="88" hits="0" branch="false"/>
                <line number="89" hits="0" branch="false"/>
                <line number="90" hits="0" branch="false"/>
                <line number="91" hits="0" branch="false"/>
                <line number="95" hits="2" branch="false"/>
                <line number="96" hits="2" branch="false"/>
                <line number="97" hits="2" branch="false"/>
                <line number="98" hits="2" branch="false"/>
                <line number="99" hits="2" branch="false"/>
                <line number="100" hits="2" branch="false"/>
                <line number="102" hits="2" branch="false"/>
                <line number="105" hits="2" branch="false"/>
                <line number="106" hits="2" branch="false"/>
                <line number="108" hits="2" branch="false"/>
                <line number="109" hits="2" branch="false"/>
                <line number="110" hits="2" branch="false"/>
                <line number="111" hits="2" branch="false"/>
                <line number="112" hits="2" branch="false"/>
                <line number="113" hits="2" branch="false"/>
                <line number="114" hits="2" branch="false"/>
                <line number="115" hits="2" branch="false"/>
                <line number="116" hits="2" branch="false"/>
                <line number="117" hits="2" branch="false"/>
                <line number="119" hits="2" branch="false"/>
                <line number="120" hits="2" branch="false"/>
                <line number="122" hits="2" branch="false"/>
                <line number="123" hits="5" branch="false"/>
                <line number="126" hits="2" branch="false"/>
                <line number="127" hits="2" branch="false"/>
                <line number="128" hits="2" branch="false"/>
                <line number="130" hits="2" branch="false"/>
                <line number="131" hits="2" branch="false"/>
                <line number="132" hits="2" branch="false"/>
                <line number="135" hits="2" branch="false"/>
                <line number="136" hits="2" branch="false"/>
                <line number="137" hits="2" branch="false"/>
                <line number="138" hits="0" branch="false"/>
                <line number="139" hits="2" branch="false"/>
                <line number="141" hits="2" branch="false"/>
                <line number="142" hits="2" branch="false"/>
                <line number="143" hits="2" branch="false"/>
                <line number="146" hits="2" branch="false"/>
                <line number="147" hits="2" branch="false"/>
                <line number="148" hits="2" branch="false"/>
                <line number="149" hits="2" branch="false"/>
                <line number="150" hits="2" branch="false"/>
                <line number="151" hits="2" branch="false"/>
                <line number="152" hits="2" branch="false"/>
                <line number="154" hits="2" branch="false"/>
                <line number="155" hits="2" branch="false"/>
                <line number="157" hits="2" branch="false"/>
                <line number="159" hits="2" branch="false"/>
                <line number="160" hits="2" branch="false"/>
                <line number="161" hits="2" branch="false"/>
                <line number="163" hits="2" branch="false"/>
                <line number="165" hits="2" branch="false"/>
                <line number="166" hits="2" branch="false"/>
                <line number="167" hits="2" branch="false"/>
                <line number="170" hits="2" branch="false"/>
                <line number="171" hits="2" branch="false"/>
                <line number="172" hits="2" branch="false"/>
                <line number="173" hits="2" branch="false"/>
                <line number="174" hits="2" branch="false"/>
                <line number="175" hits="2" branch="false"/>
                <line number="176" hits="2" branch="false"/>
                <line number="177" hits="2" branch="false"/>
                <line number="178" hits="2" branch="false"/>
                <line number="180" hits="2" branch="false"/>
                <line number="183" hits="2" branch="false"/>
                <line number="184" hits="2" branch="false"/>
                <line number="185" hits="2" branch="false"/>
                <line number="186" hits="2" branch="false"/>
                <line number="187" hits="2" branch="false"/>
                <line number="188" hits="2" branch="false"/>
                <line number="189" hits="2" branch="false"/>
                <line number="190" hits="2" branch="false"/>
                <line number="191" hits="2" branch="false"/>
                <line number="193" hits="2" branch="false"/>
              </lines>
            </method>
            <method name="additive.ss.analytical" signature="" line-rate="0.945945945945946" branch-rate="0" complexity="0">
              <lines>
                <line number="264" hits="2" branch="false"/>
                <line number="265" hits="2" branch="false"/>
                <line number="266" hits="2" branch="false"/>
                <line number="267" hits="2" branch="false"/>
                <line number="268" hits="2" branch="false"/>
                <line number="270" hits="2" branch="false"/>
                <line number="271" hits="2" branch="false"/>
                <line number="273" hits="2" branch="false"/>
                <line number="274" hits="2" branch="false"/>
                <line number="275" hits="2" branch="false"/>
                <line number="276" hits="2" branch="false"/>
                <line number="278" hits="2" branch="false"/>
                <line number="279" hits="2" branch="false"/>
                <line number="280" hits="2" branch="false"/>
                <line number="281" hits="2" branch="false"/>
                <line number="282" hits="5" branch="false"/>
                <line number="283" hits="5" branch="false"/>
                <line number="284" hits="5" branch="false"/>
                <line number="285" hits="0" branch="false"/>
                <line number="286" hits="0" branch="false"/>
                <line number="287" hits="0" branch="false"/>
                <line number="288" hits="0" branch="false"/>
                <line number="292" hits="2" branch="false"/>
                <line number="293" hits="2" branch="false"/>
                <line number="294" hits="2" branch="false"/>
                <line number="295" hits="2" branch="false"/>
                <line number="296" hits="2" branch="false"/>
                <line number="297" hits="2" branch="false"/>
                <line number="299" hits="2" branch="false"/>
                <line number="301" hits="2" branch="false"/>
                <line number="302" hits="2" branch="false"/>
                <line number="303" hits="2" branch="false"/>
                <line number="304" hits="2" branch="false"/>
                <line number="305" hits="2" branch="false"/>
                <line number="306" hits="2" branch="false"/>
                <line number="307" hits="2" branch="false"/>
                <line number="308" hits="2" branch="false"/>
                <line number="309" hits="2" branch="false"/>
                <line number="310" hits="2" branch="false"/>
                <line number="311" hits="2" branch="false"/>
                <line number="313" hits="2" branch="false"/>
                <line number="314" hits="2" branch="false"/>
                <line number="315" hits="5" branch="false"/>
                <line number="318" hits="2" branch="false"/>
                <line number="319" hits="2" branch="false"/>
                <line number="320" hits="2" branch="false"/>
                <line number="322" hits="2" branch="false"/>
                <line number="323" hits="2" branch="false"/>
                <line number="324" hits="2" branch="false"/>
                <line number="327" hits="2" branch="false"/>
                <line number="328" hits="2" branch="false"/>
                <line number="329" hits="2" branch="false"/>
                <line number="330" hits="0" branch="false"/>
                <line number="331" hits="2" branch="false"/>
                <line number="333" hits="2" branch="false"/>
                <line number="334" hits="2" branch="false"/>
                <line number="335" hits="2" branch="false"/>
                <line number="337" hits="2" branch="false"/>
                <line number="338" hits="2" branch="false"/>
                <line number="339" hits="2" branch="false"/>
                <line number="340" hits="2" branch="false"/>
                <line number="341" hits="2" branch="false"/>
                <line number="342" hits="2" branch="false"/>
                <line number="344" hits="2" branch="false"/>
                <line number="345" hits="2" branch="false"/>
                <line number="346" hits="2" branch="false"/>
                <line number="348" hits="2" branch="false"/>
                <line number="349" hits="2" branch="false"/>
                <line number="350" hits="2" branch="false"/>
                <line number="352" hits="2" branch="false"/>
                <line number="354" hits="2" branch="false"/>
                <line number="355" hits="2" branch="false"/>
                <line number="356" hits="2" branch="false"/>
                <line number="359" hits="2" branch="false"/>
                <line number="360" hits="2" branch="false"/>
                <line number="361" hits="2" branch="false"/>
                <line number="362" hits="2" branch="false"/>
                <line number="363" hits="2" branch="false"/>
                <line number="364" hits="2" branch="false"/>
                <line number="366" hits="2" branch="false"/>
                <line number="367" hits="2" branch="false"/>
                <line number="368" hits="2" branch="false"/>
                <line number="369" hits="2" branch="false"/>
                <line number="370" hits="0" branch="false"/>
                <line number="372" hits="2" branch="false"/>
                <line number="373" hits="2" branch="false"/>
                <line number="375" hits="2" branch="false"/>
                <line number="376" hits="1" branch="false"/>
                <line number="377" hits="1" branch="false"/>
                <line number="378" hits="2" branch="false"/>
                <line number="379" hits="2" branch="false"/>
                <line number="380" hits="2" branch="false"/>
                <line number="382" hits="2" branch="false"/>
                <line number="383" hits="1" branch="false"/>
                <line number="384" hits="1" branch="false"/>
                <line number="388" hits="2" branch="false"/>
                <line number="389" hits="2" branch="false"/>
                <line number="390" hits="2" branch="false"/>
                <line number="392" hits="2" branch="false"/>
                <line number="393" hits="2" branch="false"/>
                <line number="394" hits="2" branch="false"/>
                <line number="395" hits="2" branch="false"/>
                <line number="396" hits="2" branch="false"/>
                <line number="397" hits="2" branch="false"/>
                <line number="398" hits="2" branch="false"/>
                <line number="399" hits="2" branch="false"/>
                <line number="400" hits="2" branch="false"/>
                <line number="401" hits="2" branch="false"/>
                <line number="403" hits="2" branch="false"/>
                <line number="404" hits="2" branch="false"/>
                <line number="406" hits="2" branch="false"/>
              </lines>
            </method>
          </methods>
          <lines>
            <line number="67" hits="2" branch="false"/>
            <line number="68" hits="2" branch="false"/>
            <line number="69" hits="2" branch="false"/>
            <line number="70" hits="2" branch="false"/>
            <line number="71" hits="2" branch="false"/>
            <line number="73" hits="2" branch="false"/>
            <line number="74" hits="2" branch="false"/>
            <line number="76" hits="2" branch="false"/>
            <line number="77" hits="2" branch="false"/>
            <line number="78" hits="2" branch="false"/>
            <line number="79" hits="2" branch="false"/>
            <line number="81" hits="2" branch="false"/>
            <line number="82" hits="2" branch="false"/>
            <line number="83" hits="2" branch="false"/>
            <line number="84" hits="2" branch="false"/>
            <line number="85" hits="5" branch="false"/>
            <line number="86" hits="5" branch="false"/>
            <line number="87" hits="5" branch="false"/>
            <line number="88" hits="0" branch="false"/>
            <line number="89" hits="0" branch="false"/>
            <line number="90" hits="0" branch="false"/>
            <line number="91" hits="0" branch="false"/>
            <line number="95" hits="2" branch="false"/>
            <line number="96" hits="2" branch="false"/>
            <line number="97" hits="2" branch="false"/>
            <line number="98" hits="2" branch="false"/>
            <line number="99" hits="2" branch="false"/>
            <line number="100" hits="2" branch="false"/>
            <line number="102" hits="2" branch="false"/>
            <line number="105" hits="2" branch="false"/>
            <line number="106" hits="2" branch="false"/>
            <line number="108" hits="2" branch="false"/>
            <line number="109" hits="2" branch="false"/>
            <line number="110" hits="2" branch="false"/>
            <line number="111" hits="2" branch="false"/>
            <line number="112" hits="2" branch="false"/>
            <line number="113" hits="2" branch="false"/>
            <line number="114" hits="2" branch="false"/>
            <line number="115" hits="2" branch="false"/>
            <line number="116" hits="2" branch="false"/>
            <line number="117" hits="2" branch="false"/>
            <line number="119" hits="2" branch="false"/>
            <line number="120" hits="2" branch="false"/>
            <line number="122" hits="2" branch="false"/>
            <line number="123" hits="5" branch="false"/>
            <line number="126" hits="2" branch="false"/>
            <line number="127" hits="2" branch="false"/>
            <line number="128" hits="2" branch="false"/>
            <line number="130" hits="2" branch="false"/>
            <line number="131" hits="2" branch="false"/>
            <line number="132" hits="2" branch="false"/>
            <line number="135" hits="2" branch="false"/>
            <line number="136" hits="2" branch="false"/>
            <line number="137" hits="2" branch="false"/>
            <line number="138" hits="0" branch="false"/>
            <line number="139" hits="2" branch="false"/>
            <line number="141" hits="2" branch="false"/>
            <line number="142" hits="2" branch="false"/>
            <line number="143" hits="2" branch="false"/>
            <line number="146" hits="2" branch="false"/>
            <line number="147" hits="2" branch="false"/>
            <line number="148" hits="2" branch="false"/>
            <line number="149" hits="2" branch="false"/>
            <line number="150" hits="2" branch="false"/>
            <line number="151" hits="2" branch="false"/>
            <line number="152" hits="2" branch="false"/>
            <line number="154" hits="2" branch="false"/>
            <line number="155" hits="2" branch="false"/>
            <line number="157" hits="2" branch="false"/>
            <line number="159" hits="2" branch="false"/>
            <line number="160" hits="2" branch="false"/>
            <line number="161" hits="2" branch="false"/>
            <line number="163" hits="2" branch="false"/>
            <line number="165" hits="2" branch="false"/>
            <line number="166" hits="2" branch="false"/>
            <line number="167" hits="2" branch="false"/>
            <line number="170" hits="2" branch="false"/>
            <line number="171" hits="2" branch="false"/>
            <line number="172" hits="2" branch="false"/>
            <line number="173" hits="2" branch="false"/>
            <line number="174" hits="2" branch="false"/>
            <line number="175" hits="2" branch="false"/>
            <line number="176" hits="2" branch="false"/>
            <line number="177" hits="2" branch="false"/>
            <line number="178" hits="2" branch="false"/>
            <line number="180" hits="2" branch="false"/>
            <line number="183" hits="2" branch="false"/>
            <line number="184" hits="2" branch="false"/>
            <line number="185" hits="2" branch="false"/>
            <line number="186" hits="2" branch="false"/>
            <line number="187" hits="2" branch="false"/>
            <line number="188" hits="2" branch="false"/>
            <line number="189" hits="2" branch="false"/>
            <line number="190" hits="2" branch="false"/>
            <line number="191" hits="2" branch="false"/>
            <line number="193" hits="2" branch="false"/>
            <line number="264" hits="2" branch="false"/>
            <line number="265" hits="2" branch="false"/>
            <line number="266" hits="2" branch="false"/>
            <line number="267" hits="2" branch="false"/>
            <line number="268" hits="2" branch="false"/>
            <line number="270" hits="2" branch="false"/>
            <line number="271" hits="2" branch="false"/>
            <line number="273" hits="2" branch="false"/>
            <line number="274" hits="2" branch="false"/>
            <line number="275" hits="2" branch="false"/>
            <line number="276" hits="2" branch="false"/>
            <line number="278" hits="2" branch="false"/>
            <line number="279" hits="2" branch="false"/>
            <line number="280" hits="2" branch="false"/>
            <line number="281" hits="2" branch="false"/>
            <line number="282" hits="5" branch="false"/>
            <line number="283" hits="5" branch="false"/>
            <line number="284" hits="5" branch="false"/>
            <line number="285" hits="0" branch="false"/>
            <line number="286" hits="0" branch="false"/>
            <line number="287" hits="0" branch="false"/>
            <line number="288" hits="0" branch="false"/>
            <line number="292" hits="2" branch="false"/>
            <line number="293" hits="2" branch="false"/>
            <line number="294" hits="2" branch="false"/>
            <line number="295" hits="2" branch="false"/>
            <line number="296" hits="2" branch="false"/>
            <line number="297" hits="2" branch="false"/>
            <line number="299" hits="2" branch="false"/>
            <line number="301" hits="2" branch="false"/>
            <line number="302" hits="2" branch="false"/>
            <line number="303" hits="2" branch="false"/>
            <line number="304" hits="2" branch="false"/>
            <line number="305" hits="2" branch="false"/>
            <line number="306" hits="2" branch="false"/>
            <line number="307" hits="2" branch="false"/>
            <line number="308" hits="2" branch="false"/>
            <line number="309" hits="2" branch="false"/>
            <line number="310" hits="2" branch="false"/>
            <line number="311" hits="2" branch="false"/>
            <line number="313" hits="2" branch="false"/>
            <line number="314" hits="2" branch="false"/>
            <line number="315" hits="5" branch="false"/>
            <line number="318" hits="2" branch="false"/>
            <line number="319" hits="2" branch="false"/>
            <line number="320" hits="2" branch="false"/>
            <line number="322" hits="2" branch="false"/>
            <line number="323" hits="2" branch="false"/>
            <line number="324" hits="2" branch="false"/>
            <line number="327" hits="2" branch="false"/>
            <line number="328" hits="2" branch="false"/>
            <line number="329" hits="2" branch="false"/>
            <line number="330" hits="0" branch="false"/>
            <line number="331" hits="2" branch="false"/>
            <line number="333" hits="2" branch="false"/>
            <line number="334" hits="2" branch="false"/>
            <line number="335" hits="2" branch="false"/>
            <line number="337" hits="2" branch="false"/>
            <line number="338" hits="2" branch="false"/>
            <line number="339" hits="2" branch="false"/>
            <line number="340" hits="2" branch="false"/>
            <line number="341" hits="2" branch="false"/>
            <line number="342" hits="2" branch="false"/>
            <line number="344" hits="2" branch="false"/>
            <line number="345" hits="2" branch="false"/>
            <line number="346" hits="2" branch="false"/>
            <line number="348" hits="2" branch="false"/>
            <line number="349" hits="2" branch="false"/>
            <line number="350" hits="2" branch="false"/>
            <line number="352" hits="2" branch="false"/>
            <line number="354" hits="2" branch="false"/>
            <line number="355" hits="2" branch="false"/>
            <line number="356" hits="2" branch="false"/>
            <line number="359" hits="2" branch="false"/>
            <line number="360" hits="2" branch="false"/>
            <line number="361" hits="2" branch="false"/>
            <line number="362" hits="2" branch="false"/>
            <line number="363" hits="2" branch="false"/>
            <line number="364" hits="2" branch="false"/>
            <line number="366" hits="2" branch="false"/>
            <line number="367" hits="2" branch="false"/>
            <line number="368" hits="2" branch="false"/>
            <line number="369" hits="2" branch="false"/>
            <line number="370" hits="0" branch="false"/>
            <line number="372" hits="2" branch="false"/>
            <line number="373" hits="2" branch="false"/>
            <line number="375" hits="2" branch="false"/>
            <line number="376" hits="1" branch="false"/>
            <line number="377" hits="1" branch="false"/>
            <line number="378" hits="2" branch="false"/>
            <line number="379" hits="2" branch="false"/>
            <line number="380" hits="2" branch="false"/>
            <line number="382" hits="2" branch="false"/>
            <line number="383" hits="1" branch="false"/>
            <line number="384" hits="1" branch="false"/>
            <line number="388" hits="2" branch="false"/>
            <line number="389" hits="2" branch="false"/>
            <line number="390" hits="2" branch="false"/>
            <line number="392" hits="2" branch="false"/>
            <line number="393" hits="2" branch="false"/>
            <line number="394" hits="2" branch="false"/>
            <line number="395" hits="2" branch="false"/>
            <line number="396" hits="2" branch="false"/>
            <line number="397" hits="2" branch="false"/>
            <line number="398" hits="2" branch="false"/>
            <line number="399" hits="2" branch="false"/>
            <line number="400" hits="2" branch="false"/>
            <line number="401" hits="2" branch="false"/>
            <line number="403" hits="2" branch="false"/>
            <line number="404" hits="2" branch="false"/>
            <line number="406" hits="2" branch="false"/>
          </lines>
        </class>
        <class name="dependent_censoring_analytical.R" filename="R/dependent_censoring_analytical.R" line-rate="0.970149253731343" branch-rate="0" complexity="0">
          <methods>
            <method name="DC.power.analytical" signature="" line-rate="0.96551724137931" branch-rate="0" complexity="0">
              <lines>
                <line number="46" hits="3" branch="false"/>
                <line number="47" hits="3" branch="false"/>
                <line number="48" hits="3" branch="false"/>
                <line number="49" hits="3" branch="false"/>
                <line number="50" hits="0" branch="false"/>
                <line number="52" hits="3" branch="false"/>
                <line number="55" hits="3" branch="false"/>
                <line number="56" hits="3" branch="false"/>
                <line number="57" hits="3" branch="false"/>
                <line number="58" hits="3" branch="false"/>
                <line number="59" hits="3" branch="false"/>
                <line number="61" hits="3" branch="false"/>
                <line number="62" hits="3" branch="false"/>
                <line number="63" hits="3" branch="false"/>
                <line number="64" hits="3" branch="false"/>
                <line number="65" hits="3" branch="false"/>
                <line number="68" hits="3" branch="false"/>
                <line number="69" hits="3" branch="false"/>
                <line number="70" hits="3" branch="false"/>
                <line number="71" hits="3" branch="false"/>
                <line number="72" hits="3" branch="false"/>
                <line number="73" hits="3" branch="false"/>
                <line number="75" hits="3" branch="false"/>
                <line number="78" hits="3" branch="false"/>
                <line number="79" hits="3" branch="false"/>
                <line number="80" hits="3" branch="false"/>
                <line number="81" hits="3" branch="false"/>
                <line number="82" hits="0" branch="false"/>
                <line number="83" hits="3" branch="false"/>
                <line number="86" hits="3" branch="false"/>
                <line number="87" hits="3" branch="false"/>
                <line number="88" hits="3" branch="false"/>
                <line number="90" hits="3" branch="false"/>
                <line number="91" hits="3" branch="false"/>
                <line number="92" hits="3" branch="false"/>
                <line number="94" hits="3" branch="false"/>
                <line number="95" hits="3" branch="false"/>
                <line number="96" hits="3" branch="false"/>
                <line number="97" hits="3" branch="false"/>
                <line number="98" hits="3" branch="false"/>
                <line number="101" hits="3" branch="false"/>
                <line number="102" hits="3" branch="false"/>
                <line number="103" hits="3" branch="false"/>
                <line number="104" hits="3" branch="false"/>
                <line number="105" hits="3" branch="false"/>
                <line number="106" hits="3" branch="false"/>
                <line number="108" hits="3" branch="false"/>
                <line number="110" hits="3" branch="false"/>
                <line number="111" hits="3" branch="false"/>
                <line number="112" hits="3" branch="false"/>
                <line number="113" hits="3" branch="false"/>
                <line number="114" hits="3" branch="false"/>
                <line number="115" hits="3" branch="false"/>
                <line number="116" hits="3" branch="false"/>
                <line number="117" hits="3" branch="false"/>
                <line number="118" hits="3" branch="false"/>
                <line number="119" hits="3" branch="false"/>
                <line number="121" hits="3" branch="false"/>
              </lines>
            </method>
            <method name="DC.ss.analytical" signature="" line-rate="0.973684210526316" branch-rate="0" complexity="0">
              <lines>
                <line number="173" hits="5" branch="false"/>
                <line number="174" hits="5" branch="false"/>
                <line number="175" hits="5" branch="false"/>
                <line number="176" hits="5" branch="false"/>
                <line number="177" hits="0" branch="false"/>
                <line number="179" hits="5" branch="false"/>
                <line number="181" hits="5" branch="false"/>
                <line number="182" hits="5" branch="false"/>
                <line number="183" hits="5" branch="false"/>
                <line number="184" hits="5" branch="false"/>
                <line number="185" hits="5" branch="false"/>
                <line number="187" hits="5" branch="false"/>
                <line number="188" hits="5" branch="false"/>
                <line number="189" hits="5" branch="false"/>
                <line number="190" hits="5" branch="false"/>
                <line number="191" hits="5" branch="false"/>
                <line number="193" hits="5" branch="false"/>
                <line number="194" hits="5" branch="false"/>
                <line number="195" hits="5" branch="false"/>
                <line number="196" hits="5" branch="false"/>
                <line number="197" hits="5" branch="false"/>
                <line number="198" hits="5" branch="false"/>
                <line number="200" hits="5" branch="false"/>
                <line number="202" hits="5" branch="false"/>
                <line number="203" hits="5" branch="false"/>
                <line number="204" hits="5" branch="false"/>
                <line number="205" hits="5" branch="false"/>
                <line number="206" hits="0" branch="false"/>
                <line number="207" hits="5" branch="false"/>
                <line number="209" hits="5" branch="false"/>
                <line number="210" hits="5" branch="false"/>
                <line number="211" hits="5" branch="false"/>
                <line number="213" hits="5" branch="false"/>
                <line number="214" hits="5" branch="false"/>
                <line number="215" hits="5" branch="false"/>
                <line number="217" hits="5" branch="false"/>
                <line number="218" hits="5" branch="false"/>
                <line number="219" hits="5" branch="false"/>
                <line number="220" hits="5" branch="false"/>
                <line number="221" hits="5" branch="false"/>
                <line number="224" hits="5" branch="false"/>
                <line number="225" hits="5" branch="false"/>
                <line number="226" hits="5" branch="false"/>
                <line number="227" hits="5" branch="false"/>
                <line number="229" hits="5" branch="false"/>
                <line number="230" hits="5" branch="false"/>
                <line number="231" hits="5" branch="false"/>
                <line number="232" hits="5" branch="false"/>
                <line number="233" hits="5" branch="false"/>
                <line number="234" hits="3" branch="false"/>
                <line number="235" hits="5" branch="false"/>
                <line number="236" hits="5" branch="false"/>
                <line number="237" hits="5" branch="false"/>
                <line number="238" hits="2" branch="false"/>
                <line number="239" hits="2" branch="false"/>
                <line number="242" hits="5" branch="false"/>
                <line number="243" hits="5" branch="false"/>
                <line number="244" hits="5" branch="false"/>
                <line number="245" hits="5" branch="false"/>
                <line number="246" hits="5" branch="false"/>
                <line number="248" hits="5" branch="false"/>
                <line number="249" hits="5" branch="false"/>
                <line number="250" hits="5" branch="false"/>
                <line number="251" hits="5" branch="false"/>
                <line number="252" hits="5" branch="false"/>
                <line number="253" hits="5" branch="false"/>
                <line number="254" hits="5" branch="false"/>
                <line number="255" hits="5" branch="false"/>
                <line number="256" hits="5" branch="false"/>
                <line number="257" hits="5" branch="false"/>
                <line number="258" hits="5" branch="false"/>
                <line number="260" hits="5" branch="false"/>
                <line number="261" hits="5" branch="false"/>
                <line number="263" hits="5" branch="false"/>
                <line number="264" hits="5" branch="false"/>
                <line number="265" hits="5" branch="false"/>
              </lines>
            </method>
          </methods>
          <lines>
            <line number="46" hits="3" branch="false"/>
            <line number="47" hits="3" branch="false"/>
            <line number="48" hits="3" branch="false"/>
            <line number="49" hits="3" branch="false"/>
            <line number="50" hits="0" branch="false"/>
            <line number="52" hits="3" branch="false"/>
            <line number="55" hits="3" branch="false"/>
            <line number="56" hits="3" branch="false"/>
            <line number="57" hits="3" branch="false"/>
            <line number="58" hits="3" branch="false"/>
            <line number="59" hits="3" branch="false"/>
            <line number="61" hits="3" branch="false"/>
            <line number="62" hits="3" branch="false"/>
            <line number="63" hits="3" branch="false"/>
            <line number="64" hits="3" branch="false"/>
            <line number="65" hits="3" branch="false"/>
            <line number="68" hits="3" branch="false"/>
            <line number="69" hits="3" branch="false"/>
            <line number="70" hits="3" branch="false"/>
            <line number="71" hits="3" branch="false"/>
            <line number="72" hits="3" branch="false"/>
            <line number="73" hits="3" branch="false"/>
            <line number="75" hits="3" branch="false"/>
            <line number="78" hits="3" branch="false"/>
            <line number="79" hits="3" branch="false"/>
            <line number="80" hits="3" branch="false"/>
            <line number="81" hits="3" branch="false"/>
            <line number="82" hits="0" branch="false"/>
            <line number="83" hits="3" branch="false"/>
            <line number="86" hits="3" branch="false"/>
            <line number="87" hits="3" branch="false"/>
            <line number="88" hits="3" branch="false"/>
            <line number="90" hits="3" branch="false"/>
            <line number="91" hits="3" branch="false"/>
            <line number="92" hits="3" branch="false"/>
            <line number="94" hits="3" branch="false"/>
            <line number="95" hits="3" branch="false"/>
            <line number="96" hits="3" branch="false"/>
            <line number="97" hits="3" branch="false"/>
            <line number="98" hits="3" branch="false"/>
            <line number="101" hits="3" branch="false"/>
            <line number="102" hits="3" branch="false"/>
            <line number="103" hits="3" branch="false"/>
            <line number="104" hits="3" branch="false"/>
            <line number="105" hits="3" branch="false"/>
            <line number="106" hits="3" branch="false"/>
            <line number="108" hits="3" branch="false"/>
            <line number="110" hits="3" branch="false"/>
            <line number="111" hits="3" branch="false"/>
            <line number="112" hits="3" branch="false"/>
            <line number="113" hits="3" branch="false"/>
            <line number="114" hits="3" branch="false"/>
            <line number="115" hits="3" branch="false"/>
            <line number="116" hits="3" branch="false"/>
            <line number="117" hits="3" branch="false"/>
            <line number="118" hits="3" branch="false"/>
            <line number="119" hits="3" branch="false"/>
            <line number="121" hits="3" branch="false"/>
            <line number="173" hits="5" branch="false"/>
            <line number="174" hits="5" branch="false"/>
            <line number="175" hits="5" branch="false"/>
            <line number="176" hits="5" branch="false"/>
            <line number="177" hits="0" branch="false"/>
            <line number="179" hits="5" branch="false"/>
            <line number="181" hits="5" branch="false"/>
            <line number="182" hits="5" branch="false"/>
            <line number="183" hits="5" branch="false"/>
            <line number="184" hits="5" branch="false"/>
            <line number="185" hits="5" branch="false"/>
            <line number="187" hits="5" branch="false"/>
            <line number="188" hits="5" branch="false"/>
            <line number="189" hits="5" branch="false"/>
            <line number="190" hits="5" branch="false"/>
            <line number="191" hits="5" branch="false"/>
            <line number="193" hits="5" branch="false"/>
            <line number="194" hits="5" branch="false"/>
            <line number="195" hits="5" branch="false"/>
            <line number="196" hits="5" branch="false"/>
            <line number="197" hits="5" branch="false"/>
            <line number="198" hits="5" branch="false"/>
            <line number="200" hits="5" branch="false"/>
            <line number="202" hits="5" branch="false"/>
            <line number="203" hits="5" branch="false"/>
            <line number="204" hits="5" branch="false"/>
            <line number="205" hits="5" branch="false"/>
            <line number="206" hits="0" branch="false"/>
            <line number="207" hits="5" branch="false"/>
            <line number="209" hits="5" branch="false"/>
            <line number="210" hits="5" branch="false"/>
            <line number="211" hits="5" branch="false"/>
            <line number="213" hits="5" branch="false"/>
            <line number="214" hits="5" branch="false"/>
            <line number="215" hits="5" branch="false"/>
            <line number="217" hits="5" branch="false"/>
            <line number="218" hits="5" branch="false"/>
            <line number="219" hits="5" branch="false"/>
            <line number="220" hits="5" branch="false"/>
            <line number="221" hits="5" branch="false"/>
            <line number="224" hits="5" branch="false"/>
            <line number="225" hits="5" branch="false"/>
            <line number="226" hits="5" branch="false"/>
            <line number="227" hits="5" branch="false"/>
            <line number="229" hits="5" branch="false"/>
            <line number="230" hits="5" branch="false"/>
            <line number="231" hits="5" branch="false"/>
            <line number="232" hits="5" branch="false"/>
            <line number="233" hits="5" branch="false"/>
            <line number="234" hits="3" branch="false"/>
            <line number="235" hits="5" branch="false"/>
            <line number="236" hits="5" branch="false"/>
            <line number="237" hits="5" branch="false"/>
            <line number="238" hits="2" branch="false"/>
            <line number="239" hits="2" branch="false"/>
            <line number="242" hits="5" branch="false"/>
            <line number="243" hits="5" branch="false"/>
            <line number="244" hits="5" branch="false"/>
            <line number="245" hits="5" branch="false"/>
            <line number="246" hits="5" branch="false"/>
            <line number="248" hits="5" branch="false"/>
            <line number="249" hits="5" branch="false"/>
            <line number="250" hits="5" branch="false"/>
            <line number="251" hits="5" branch="false"/>
            <line number="252" hits="5" branch="false"/>
            <line number="253" hits="5" branch="false"/>
            <line number="254" hits="5" branch="false"/>
            <line number="255" hits="5" branch="false"/>
            <line number="256" hits="5" branch="false"/>
            <line number="257" hits="5" branch="false"/>
            <line number="258" hits="5" branch="false"/>
            <line number="260" hits="5" branch="false"/>
            <line number="261" hits="5" branch="false"/>
            <line number="263" hits="5" branch="false"/>
            <line number="264" hits="5" branch="false"/>
            <line number="265" hits="5" branch="false"/>
          </lines>
        </class>
        <class name="description-rmst-datasets.R" filename="R/description-rmst-datasets.R" line-rate="0.963302752293578" branch-rate="0" complexity="0">
          <methods>
            <method name="describe_generation" signature="" line-rate="0.963302752293578" branch-rate="0" complexity="0">
              <lines>
                <line number="36" hits="10" branch="false"/>
                <line number="38" hits="10" branch="false"/>
                <line number="39" hits="10" branch="false"/>
                <line number="40" hits="1" branch="false"/>
                <line number="41" hits="1" branch="false"/>
                <line number="42" hits="1" branch="false"/>
                <line number="43" hits="1" branch="false"/>
                <line number="44" hits="4" branch="false"/>
                <line number="45" hits="1" branch="false"/>
                <line number="46" hits="1" branch="false"/>
                <line number="47" hits="0" branch="false"/>
                <line number="48" hits="10" branch="false"/>
                <line number="49" hits="10" branch="false"/>
                <line number="51" hits="10" branch="false"/>
                <line number="52" hits="0" branch="false"/>
                <line number="53" hits="10" branch="false"/>
                <line number="54" hits="7" branch="false"/>
                <line number="55" hits="7" branch="false"/>
                <line number="56" hits="10" branch="false"/>
                <line number="57" hits="10" branch="false"/>
                <line number="58" hits="10" branch="false"/>
                <line number="60" hits="10" branch="false"/>
                <line number="61" hits="10" branch="false"/>
                <line number="62" hits="2" branch="false"/>
                <line number="63" hits="8" branch="false"/>
                <line number="64" hits="8" branch="false"/>
                <line number="65" hits="8" branch="false"/>
                <line number="66" hits="8" branch="false"/>
                <line number="67" hits="8" branch="false"/>
                <line number="68" hits="8" branch="false"/>
                <line number="69" hits="8" branch="false"/>
                <line number="70" hits="8" branch="false"/>
                <line number="71" hits="8" branch="false"/>
                <line number="72" hits="8" branch="false"/>
                <line number="73" hits="10" branch="false"/>
                <line number="75" hits="10" branch="false"/>
                <line number="76" hits="0" branch="false"/>
                <line number="77" hits="10" branch="false"/>
                <line number="78" hits="10" branch="false"/>
                <line number="79" hits="10" branch="false"/>
                <line number="82" hits="10" branch="false"/>
                <line number="83" hits="7" branch="false"/>
                <line number="84" hits="10" branch="false"/>
                <line number="87" hits="10" branch="false"/>
                <line number="88" hits="1" branch="false"/>
                <line number="89" hits="1" branch="false"/>
                <line number="90" hits="1" branch="false"/>
                <line number="91" hits="1" branch="false"/>
                <line number="92" hits="0" branch="false"/>
                <line number="93" hits="10" branch="false"/>
                <line number="95" hits="9" branch="false"/>
                <line number="96" hits="10" branch="false"/>
                <line number="98" hits="10" branch="false"/>
                <line number="99" hits="9" branch="false"/>
                <line number="100" hits="9" branch="false"/>
                <line number="101" hits="9" branch="false"/>
                <line number="102" hits="9" branch="false"/>
                <line number="103" hits="9" branch="false"/>
                <line number="104" hits="9" branch="false"/>
                <line number="105" hits="7" branch="false"/>
                <line number="106" hits="9" branch="false"/>
                <line number="107" hits="1" branch="false"/>
                <line number="108" hits="1" branch="false"/>
                <line number="109" hits="10" branch="false"/>
                <line number="110" hits="9" branch="false"/>
                <line number="111" hits="10" branch="false"/>
                <line number="113" hits="10" branch="false"/>
                <line number="114" hits="9" branch="false"/>
                <line number="115" hits="9" branch="false"/>
                <line number="116" hits="9" branch="false"/>
                <line number="117" hits="9" branch="false"/>
                <line number="118" hits="9" branch="false"/>
                <line number="119" hits="9" branch="false"/>
                <line number="120" hits="9" branch="false"/>
                <line number="121" hits="10" branch="false"/>
                <line number="124" hits="10" branch="false"/>
                <line number="125" hits="10" branch="false"/>
                <line number="127" hits="10" branch="false"/>
                <line number="128" hits="10" branch="false"/>
                <line number="129" hits="10" branch="false"/>
                <line number="130" hits="10" branch="false"/>
                <line number="131" hits="10" branch="false"/>
                <line number="132" hits="10" branch="false"/>
                <line number="133" hits="10" branch="false"/>
                <line number="134" hits="10" branch="false"/>
                <line number="135" hits="10" branch="false"/>
                <line number="137" hits="10" branch="false"/>
                <line number="138" hits="10" branch="false"/>
                <line number="139" hits="10" branch="false"/>
                <line number="140" hits="10" branch="false"/>
                <line number="142" hits="10" branch="false"/>
                <line number="143" hits="10" branch="false"/>
                <line number="144" hits="9" branch="false"/>
                <line number="145" hits="9" branch="false"/>
                <line number="147" hits="9" branch="false"/>
                <line number="148" hits="9" branch="false"/>
                <line number="149" hits="9" branch="false"/>
                <line number="150" hits="9" branch="false"/>
                <line number="151" hits="9" branch="false"/>
                <line number="152" hits="9" branch="false"/>
                <line number="154" hits="9" branch="false"/>
                <line number="155" hits="9" branch="false"/>
                <line number="156" hits="9" branch="false"/>
                <line number="157" hits="9" branch="false"/>
                <line number="158" hits="9" branch="false"/>
                <line number="159" hits="9" branch="false"/>
                <line number="160" hits="9" branch="false"/>
                <line number="161" hits="9" branch="false"/>
                <line number="162" hits="9" branch="false"/>
              </lines>
            </method>
          </methods>
          <lines>
            <line number="36" hits="10" branch="false"/>
            <line number="38" hits="10" branch="false"/>
            <line number="39" hits="10" branch="false"/>
            <line number="40" hits="1" branch="false"/>
            <line number="41" hits="1" branch="false"/>
            <line number="42" hits="1" branch="false"/>
            <line number="43" hits="1" branch="false"/>
            <line number="44" hits="4" branch="false"/>
            <line number="45" hits="1" branch="false"/>
            <line number="46" hits="1" branch="false"/>
            <line number="47" hits="0" branch="false"/>
            <line number="48" hits="10" branch="false"/>
            <line number="49" hits="10" branch="false"/>
            <line number="51" hits="10" branch="false"/>
            <line number="52" hits="0" branch="false"/>
            <line number="53" hits="10" branch="false"/>
            <line number="54" hits="7" branch="false"/>
            <line number="55" hits="7" branch="false"/>
            <line number="56" hits="10" branch="false"/>
            <line number="57" hits="10" branch="false"/>
            <line number="58" hits="10" branch="false"/>
            <line number="60" hits="10" branch="false"/>
            <line number="61" hits="10" branch="false"/>
[...]
            <line number="143" hits="20" branch="false"/>
            <line number="144" hits="0" branch="false"/>
            <line number="145" hits="3" branch="false"/>
            <line number="146" hits="0" branch="false"/>
            <line number="147" hits="1" branch="false"/>
            <line number="148" hits="0" branch="false"/>
            <line number="149" hits="0" branch="false"/>
            <line number="150" hits="4" branch="false"/>
            <line number="152" hits="18" branch="false"/>
            <line number="153" hits="0" branch="false"/>
            <line number="156" hits="2" branch="false"/>
            <line number="157" hits="2" branch="false"/>
            <line number="158" hits="2" branch="false"/>
            <line number="160" hits="1" branch="false"/>
            <line number="179" hits="25" branch="false"/>
            <line number="180" hits="0" branch="false"/>
            <line number="181" hits="25" branch="false"/>
            <line number="182" hits="25" branch="false"/>
            <line number="183" hits="25" branch="false"/>
            <line number="184" hits="45" branch="false"/>
            <line number="185" hits="45" branch="false"/>
            <line number="186" hits="45" branch="false"/>
            <line number="187" hits="45" branch="false"/>
            <line number="189" hits="25" branch="false"/>
            <line number="195" hits="24" branch="false"/>
            <line number="196" hits="1" branch="false"/>
            <line number="197" hits="23" branch="false"/>
            <line number="198" hits="23" branch="false"/>
            <line number="202" hits="0" branch="false"/>
            <line number="203" hits="26" branch="false"/>
            <line number="204" hits="20" branch="false"/>
            <line number="205" hits="20" branch="false"/>
            <line number="207" hits="6" branch="false"/>
            <line number="208" hits="2" branch="false"/>
            <line number="209" hits="2" branch="false"/>
            <line number="210" hits="0" branch="false"/>
            <line number="211" hits="2" branch="false"/>
            <line number="212" hits="2" branch="false"/>
            <line number="213" hits="2" branch="false"/>
            <line number="214" hits="4" branch="false"/>
            <line number="215" hits="4" branch="false"/>
            <line number="217" hits="2" branch="false"/>
            <line number="219" hits="4" branch="false"/>
            <line number="220" hits="4" branch="false"/>
            <line number="221" hits="4" branch="false"/>
            <line number="222" hits="4" branch="false"/>
            <line number="223" hits="4" branch="false"/>
            <line number="224" hits="1" branch="false"/>
            <line number="225" hits="2" branch="false"/>
            <line number="227" hits="3" branch="false"/>
            <line number="228" hits="3" branch="false"/>
            <line number="230" hits="0" branch="false"/>
            <line number="236" hits="25" branch="false"/>
            <line number="237" hits="25" branch="false"/>
            <line number="238" hits="25" branch="false"/>
            <line number="239" hits="25" branch="false"/>
            <line number="240" hits="2" branch="false"/>
            <line number="241" hits="2" branch="false"/>
            <line number="242" hits="0" branch="false"/>
            <line number="243" hits="2" branch="false"/>
            <line number="244" hits="23" branch="false"/>
            <line number="245" hits="3" branch="false"/>
            <line number="246" hits="1" branch="false"/>
            <line number="247" hits="2" branch="false"/>
            <line number="250" hits="24" branch="false"/>
            <line number="254" hits="18" branch="false"/>
            <line number="255" hits="7" branch="false"/>
            <line number="256" hits="1" branch="false"/>
            <line number="257" hits="6" branch="false"/>
            <line number="258" hits="6" branch="false"/>
            <line number="259" hits="1" branch="false"/>
            <line number="260" hits="3" branch="false"/>
            <line number="261" hits="3" branch="false"/>
            <line number="262" hits="3" branch="false"/>
            <line number="263" hits="2" branch="false"/>
            <line number="264" hits="2" branch="false"/>
            <line number="265" hits="2" branch="false"/>
            <line number="267" hits="0" branch="false"/>
            <line number="277" hits="3" branch="false"/>
            <line number="278" hits="1" branch="false"/>
            <line number="279" hits="1" branch="false"/>
            <line number="280" hits="1" branch="false"/>
            <line number="281" hits="1" branch="false"/>
            <line number="282" hits="1" branch="false"/>
            <line number="283" hits="1" branch="false"/>
            <line number="285" hits="1" branch="false"/>
            <line number="286" hits="1" branch="false"/>
            <line number="287" hits="1" branch="false"/>
            <line number="290" hits="1" branch="false"/>
            <line number="291" hits="1" branch="false"/>
            <line number="295" hits="1" branch="false"/>
            <line number="296" hits="5" branch="false"/>
            <line number="298" hits="5" branch="false"/>
            <line number="299" hits="7" branch="false"/>
            <line number="301" hits="7" branch="false"/>
            <line number="302" hits="7" branch="false"/>
            <line number="305" hits="5" branch="false"/>
            <line number="306" hits="5" branch="false"/>
            <line number="307" hits="5" branch="false"/>
            <line number="310" hits="2" branch="false"/>
            <line number="314" hits="1" branch="false"/>
            <line number="319" hits="22" branch="false"/>
            <line number="320" hits="15" branch="false"/>
            <line number="321" hits="15" branch="false"/>
            <line number="323" hits="7" branch="false"/>
            <line number="324" hits="1" branch="false"/>
            <line number="325" hits="1" branch="false"/>
            <line number="326" hits="1" branch="false"/>
            <line number="328" hits="6" branch="false"/>
            <line number="329" hits="1" branch="false"/>
            <line number="330" hits="1" branch="false"/>
            <line number="331" hits="1" branch="false"/>
            <line number="333" hits="5" branch="false"/>
            <line number="334" hits="2" branch="false"/>
            <line number="335" hits="2" branch="false"/>
            <line number="337" hits="3" branch="false"/>
            <line number="338" hits="2" branch="false"/>
            <line number="339" hits="2" branch="false"/>
            <line number="340" hits="2" branch="false"/>
            <line number="342" hits="1" branch="false"/>
            <line number="343" hits="0" branch="false"/>
            <line number="344" hits="0" branch="false"/>
            <line number="345" hits="0" branch="false"/>
            <line number="347" hits="1" branch="false"/>
            <line number="353" hits="110" branch="false"/>
            <line number="354" hits="110" branch="false"/>
            <line number="355" hits="110" branch="false"/>
            <line number="356" hits="1" branch="false"/>
            <line number="358" hits="109" branch="false"/>
            <line number="360" hits="110" branch="false"/>
            <line number="361" hits="110" branch="false"/>
            <line number="362" hits="110" branch="false"/>
            <line number="366" hits="18" branch="false"/>
            <line number="367" hits="18" branch="false"/>
            <line number="368" hits="18" branch="false"/>
            <line number="369" hits="0" branch="false"/>
            <line number="370" hits="5" branch="false"/>
            <line number="371" hits="13" branch="false"/>
            <line number="372" hits="13" branch="false"/>
            <line number="373" hits="13" branch="false"/>
            <line number="374" hits="15" branch="false"/>
            <line number="375" hits="13" branch="false"/>
            <line number="376" hits="2" branch="false"/>
            <line number="377" hits="0" branch="false"/>
            <line number="379" hits="13" branch="false"/>
            <line number="380" hits="1" branch="false"/>
            <line number="381" hits="12" branch="false"/>
            <line number="398" hits="0" branch="false"/>
            <line number="399" hits="24" branch="false"/>
            <line number="400" hits="24" branch="false"/>
            <line number="401" hits="12" branch="false"/>
            <line number="402" hits="12" branch="false"/>
            <line number="403" hits="12" branch="false"/>
            <line number="404" hits="10" branch="false"/>
            <line number="405" hits="10" branch="false"/>
            <line number="407" hits="24" branch="false"/>
            <line number="410" hits="24" branch="false"/>
            <line number="413" hits="24" branch="false"/>
            <line number="414" hits="23" branch="false"/>
            <line number="417" hits="23" branch="false"/>
            <line number="418" hits="23" branch="false"/>
            <line number="419" hits="23" branch="false"/>
            <line number="420" hits="23" branch="false"/>
            <line number="423" hits="21" branch="false"/>
            <line number="426" hits="21" branch="false"/>
            <line number="427" hits="21" branch="false"/>
            <line number="428" hits="21" branch="false"/>
            <line number="429" hits="16" branch="false"/>
            <line number="430" hits="16" branch="false"/>
            <line number="431" hits="16" branch="false"/>
            <line number="433" hits="5" branch="false"/>
            <line number="434" hits="5" branch="false"/>
            <line number="435" hits="4" branch="false"/>
            <line number="437" hits="5" branch="false"/>
            <line number="438" hits="4" branch="false"/>
            <line number="439" hits="4" branch="false"/>
            <line number="440" hits="3" branch="false"/>
            <line number="442" hits="1" branch="false"/>
            <line number="445" hits="4" branch="false"/>
            <line number="446" hits="3" branch="false"/>
            <line number="447" hits="3" branch="false"/>
            <line number="448" hits="3" branch="false"/>
            <line number="449" hits="3" branch="false"/>
            <line number="450" hits="1" branch="false"/>
            <line number="451" hits="2" branch="false"/>
            <line number="452" hits="2" branch="false"/>
            <line number="453" hits="2" branch="false"/>
            <line number="458" hits="19" branch="false"/>
            <line number="459" hits="19" branch="false"/>
            <line number="461" hits="19" branch="false"/>
            <line number="462" hits="19" branch="false"/>
            <line number="463" hits="19" branch="false"/>
            <line number="464" hits="19" branch="false"/>
            <line number="465" hits="19" branch="false"/>
            <line number="467" hits="19" branch="false"/>
            <line number="468" hits="19" branch="false"/>
            <line number="493" hits="8" branch="false"/>
            <line number="494" hits="8" branch="false"/>
            <line number="495" hits="8" branch="false"/>
            <line number="496" hits="8" branch="false"/>
            <line number="497" hits="8" branch="false"/>
            <line number="498" hits="8" branch="false"/>
            <line number="499" hits="8" branch="false"/>
            <line number="500" hits="8" branch="false"/>
            <line number="501" hits="8" branch="false"/>
            <line number="502" hits="8" branch="false"/>
            <line number="503" hits="8" branch="false"/>
            <line number="504" hits="8" branch="false"/>
            <line number="505" hits="8" branch="false"/>
          </lines>
        </class>
        <class name="run_app.R" filename="R/run_app.R" line-rate="0.490909090909091" branch-rate="0" complexity="0">
          <methods>
            <method name=".app_dependency_packages" signature="" line-rate="0" branch-rate="0" complexity="0">
              <lines>
                <line number="4" hits="0" branch="false"/>
                <line number="5" hits="0" branch="false"/>
                <line number="6" hits="0" branch="false"/>
                <line number="7" hits="0" branch="false"/>
              </lines>
            </method>
            <method name=".get_missing_app_dependencies" signature="" line-rate="0" branch-rate="0" complexity="0">
              <lines>
                <line number="12" hits="0" branch="false"/>
                <line number="13" hits="0" branch="false"/>
              </lines>
            </method>
            <method name=".install_command_for" signature="" line-rate="1" branch-rate="0" complexity="0">
              <lines>
                <line number="18" hits="2" branch="false"/>
              </lines>
            </method>
            <method name=".prompt_install_app_dependencies" signature="" line-rate="0" branch-rate="0" complexity="0">
              <lines>
                <line number="23" hits="0" branch="false"/>
                <line number="24" hits="0" branch="false"/>
                <line number="25" hits="0" branch="false"/>
                <line number="26" hits="0" branch="false"/>
                <line number="27" hits="0" branch="false"/>
                <line number="28" hits="0" branch="false"/>
                <line number="29" hits="0" branch="false"/>
                <line number="30" hits="0" branch="false"/>
                <line number="31" hits="0" branch="false"/>
                <line number="32" hits="0" branch="false"/>
              </lines>
            </method>
            <method name=".install_app_dependencies" signature="" line-rate="0" branch-rate="0" complexity="0">
              <lines>
                <line number="37" hits="0" branch="false"/>
              </lines>
            </method>
            <method name=".ensure_app_dependencies" signature="" line-rate="0.576923076923077" branch-rate="0" complexity="0">
              <lines>
                <line number="42" hits="3" branch="false"/>
                <line number="43" hits="1" branch="false"/>
                <line number="45" hits="2" branch="false"/>
                <line number="46" hits="2" branch="false"/>
                <line number="47" hits="0" branch="false"/>
                <line number="48" hits="0" branch="false"/>
                <line number="49" hits="0" branch="false"/>
                <line number="50" hits="0" branch="false"/>
                <line number="51" hits="0" branch="false"/>
                <line number="54" hits="2" branch="false"/>
                <line number="55" hits="1" branch="false"/>
                <line number="56" hits="1" branch="false"/>
                <line number="57" hits="1" branch="false"/>
                <line number="58" hits="1" branch="false"/>
                <line number="59" hits="1" branch="false"/>
                <line number="60" hits="1" branch="false"/>
                <line number="63" hits="1" branch="false"/>
                <line number="64" hits="1" branch="false"/>
                <line number="65" hits="1" branch="false"/>
                <line number="66" hits="0" branch="false"/>
                <line number="67" hits="0" branch="false"/>
                <line number="68" hits="0" branch="false"/>
                <line number="69" hits="0" branch="false"/>
                <line number="70" hits="0" branch="false"/>
                <line number="71" hits="0" branch="false"/>
                <line number="74" hits="1" branch="false"/>
              </lines>
            </method>
            <method name="run_app" signature="" line-rate="1" branch-rate="0" complexity="0">
              <lines>
                <line number="96" hits="3" branch="false"/>
                <line number="98" hits="3" branch="false"/>
                <line number="99" hits="3" branch="false"/>
                <line number="100" hits="1" branch="false"/>
                <line number="103" hits="3" branch="false"/>
                <line number="104" hits="1" branch="false"/>
                <line number="105" hits="1" branch="false"/>
                <line number="106" hits="1" branch="false"/>
                <line number="107" hits="1" branch="false"/>
                <line number="108" hits="1" branch="false"/>
                <line number="111" hits="2" branch="false"/>
              </lines>
            </method>
          </methods>
          <lines>
            <line number="4" hits="0" branch="false"/>
            <line number="5" hits="0" branch="false"/>
            <line number="6" hits="0" branch="false"/>
            <line number="7" hits="0" branch="false"/>
            <line number="12" hits="0" branch="false"/>
            <line number="13" hits="0" branch="false"/>
            <line number="18" hits="2" branch="false"/>
            <line number="23" hits="0" branch="false"/>
            <line number="24" hits="0" branch="false"/>
            <line number="25" hits="0" branch="false"/>
            <line number="26" hits="0" branch="false"/>
            <line number="27" hits="0" branch="false"/>
            <line number="28" hits="0" branch="false"/>
            <line number="29" hits="0" branch="false"/>
            <line number="30" hits="0" branch="false"/>
            <line number="31" hits="0" branch="false"/>
            <line number="32" hits="0" branch="false"/>
            <line number="37" hits="0" branch="false"/>
            <line number="42" hits="3" branch="false"/>
            <line number="43" hits="1" branch="false"/>
            <line number="45" hits="2" branch="false"/>
            <line number="46" hits="2" branch="false"/>
            <line number="47" hits="0" branch="false"/>
            <line number="48" hits="0" branch="false"/>
            <line number="49" hits="0" branch="false"/>
            <line number="50" hits="0" branch="false"/>
            <line number="51" hits="0" branch="false"/>
            <line number="54" hits="2" branch="false"/>
            <line number="55" hits="1" branch="false"/>
            <line number="56" hits="1" branch="false"/>
            <line number="57" hits="1" branch="false"/>
            <line number="58" hits="1" branch="false"/>
            <line number="59" hits="1" branch="false"/>
            <line number="60" hits="1" branch="false"/>
            <line number="63" hits="1" branch="false"/>
            <line number="64" hits="1" branch="false"/>
            <line number="65" hits="1" branch="false"/>
            <line number="66" hits="0" branch="false"/>
            <line number="67" hits="0" branch="false"/>
            <line number="68" hits="0" branch="false"/>
            <line number="69" hits="0" branch="false"/>
            <line number="70" hits="0" branch="false"/>
            <line number="71" hits="0" branch="false"/>
            <line number="74" hits="1" branch="false"/>
            <line number="96" hits="3" branch="false"/>
            <line number="98" hits="3" branch="false"/>
            <line number="99" hits="3" branch="false"/>
            <line number="100" hits="1" branch="false"/>
            <line number="103" hits="3" branch="false"/>
            <line number="104" hits="1" branch="false"/>
            <line number="105" hits="1" branch="false"/>
            <line number="106" hits="1" branch="false"/>
            <line number="107" hits="1" branch="false"/>
            <line number="108" hits="1" branch="false"/>
            <line number="111" hits="2" branch="false"/>
          </lines>
        </class>
      </classes>
    </package>
  </packages>
</coverage>
