<?xml version="1.0" encoding="UTF-8"?>
<!DOCTYPE coverage SYSTEM "https://raw.githubusercontent.com/cobertura/cobertura/master/cobertura/src/site/htdocs/xml/coverage-04.dtd">
<coverage line-rate="0.959323136999675" branch-rate="0" lines-covered="2948" lines-valid="3073" branches-covered="0" branches-valid="0" complexity="0" version="3.6.5" timestamp="2026-04-19 23:56:13.151651">
  <sources>
    <source>D:/OneDrive - Florida State University/MyFSU_OneDrive/R-Codes/RMSTSpowerBoost/RMSTpowerBoost-Package</source>
  </sources>
  <packages>
    <package name="RMSTpowerBoost" line-rate="0.959323136999675" branch-rate="0" complexity="0">
      <classes>
        <class name="additive_gam_boot.R" filename="R/additive_gam_boot.R" line-rate="0.971061093247588" branch-rate="0" complexity="0">
          <methods>
            <method name="GAM.power.boot" signature="" line-rate="0.977611940298508" branch-rate="0" complexity="0">
              <lines>
                <line number="75" hits="9" branch="false"/>
                <line number="76" hits="1" branch="false"/>
                <line number="77" hits="8" branch="false"/>
                <line number="78" hits="8" branch="false"/>
                <line number="79" hits="2" branch="false"/>
                <line number="81" hits="6" branch="false"/>
                <line number="82" hits="1" branch="false"/>
                <line number="83" hits="1" branch="false"/>
                <line number="87" hits="5" branch="false"/>
                <line number="90" hits="5" branch="false"/>
                <line number="92" hits="5" branch="false"/>
                <line number="93" hits="5" branch="false"/>
                <line number="96" hits="5" branch="false"/>
                <line number="97" hits="5" branch="false"/>
                <line number="98" hits="4" branch="false"/>
                <line number="99" hits="4" branch="false"/>
                <line number="101" hits="4" branch="false"/>
                <line number="103" hits="1" branch="false"/>
                <line number="104" hits="1" branch="false"/>
                <line number="105" hits="1" branch="false"/>
                <line number="107" hits="5" branch="false"/>
                <line number="108" hits="5" branch="false"/>
                <line number="111" hits="5" branch="false"/>
                <line number="112" hits="5" branch="false"/>
                <line number="113" hits="0" branch="false"/>
                <line number="114" hits="5" branch="false"/>
                <line number="115" hits="5" branch="false"/>
                <line number="116" hits="5" branch="false"/>
                <line number="117" hits="5" branch="false"/>
                <line number="118" hits="5" branch="false"/>
                <line number="119" hits="5" branch="false"/>
                <line number="120" hits="5" branch="false"/>
                <line number="121" hits="5" branch="false"/>
                <line number="122" hits="0" branch="false"/>
                <line number="123" hits="5" branch="false"/>
                <line number="124" hits="5" branch="false"/>
                <line number="125" hits="5" branch="false"/>
                <line number="126" hits="5" branch="false"/>
                <line number="127" hits="5" branch="false"/>
                <line number="128" hits="5" branch="false"/>
                <line number="130" hits="5" branch="false"/>
                <line number="133" hits="5" branch="false"/>
                <line number="134" hits="0" branch="false"/>
                <line number="136" hits="5" branch="false"/>
                <line number="138" hits="5" branch="false"/>
                <line number="140" hits="5" branch="false"/>
                <line number="141" hits="5" branch="false"/>
                <line number="142" hits="5" branch="false"/>
                <line number="144" hits="5" branch="false"/>
                <line number="145" hits="5" branch="false"/>
                <line number="146" hits="5" branch="false"/>
                <line number="147" hits="5" branch="false"/>
                <line number="148" hits="5" branch="false"/>
                <line number="149" hits="5" branch="false"/>
                <line number="150" hits="5" branch="false"/>
                <line number="151" hits="5" branch="false"/>
                <line number="152" hits="5" branch="false"/>
                <line number="153" hits="5" branch="false"/>
                <line number="154" hits="5" branch="false"/>
                <line number="155" hits="5" branch="false"/>
                <line number="156" hits="5" branch="false"/>
                <line number="157" hits="5" branch="false"/>
                <line number="158" hits="5" branch="false"/>
                <line number="159" hits="5" branch="false"/>
                <line number="160" hits="5" branch="false"/>
                <line number="161" hits="5" branch="false"/>
                <line number="162" hits="5" branch="false"/>
                <line number="163" hits="5" branch="false"/>
                <line number="164" hits="5" branch="false"/>
                <line number="165" hits="5" branch="false"/>
                <line number="166" hits="5" branch="false"/>
                <line number="167" hits="5" branch="false"/>
                <line number="168" hits="5" branch="false"/>
                <line number="169" hits="5" branch="false"/>
                <line number="170" hits="5" branch="false"/>
                <line number="171" hits="5" branch="false"/>
                <line number="172" hits="5" branch="false"/>
                <line number="173" hits="5" branch="false"/>
                <line number="174" hits="5" branch="false"/>
                <line number="175" hits="5" branch="false"/>
                <line number="176" hits="5" branch="false"/>
                <line number="177" hits="5" branch="false"/>
                <line number="179" hits="5" branch="false"/>
                <line number="180" hits="5" branch="false"/>
                <line number="181" hits="5" branch="false"/>
                <line number="182" hits="5" branch="false"/>
                <line number="184" hits="5" branch="false"/>
                <line number="185" hits="5" branch="false"/>
                <line number="186" hits="5" branch="false"/>
                <line number="187" hits="5" branch="false"/>
                <line number="190" hits="5" branch="false"/>
                <line number="191" hits="5" branch="false"/>
                <line number="192" hits="5" branch="false"/>
                <line number="193" hits="5" branch="false"/>
                <line number="194" hits="5" branch="false"/>
                <line number="195" hits="5" branch="false"/>
                <line number="196" hits="5" branch="false"/>
                <line number="197" hits="1" branch="false"/>
                <line number="198" hits="1" branch="false"/>
                <line number="199" hits="1" branch="false"/>
                <line number="200" hits="1" branch="false"/>
                <line number="203" hits="5" branch="false"/>
                <line number="204" hits="5" branch="false"/>
                <line number="205" hits="5" branch="false"/>
                <line number="206" hits="5" branch="false"/>
                <line number="207" hits="5" branch="false"/>
                <line number="208" hits="5" branch="false"/>
                <line number="209" hits="5" branch="false"/>
                <line number="211" hits="5" branch="false"/>
                <line number="212" hits="5" branch="false"/>
                <line number="213" hits="5" branch="false"/>
                <line number="214" hits="5" branch="false"/>
                <line number="215" hits="5" branch="false"/>
                <line number="216" hits="1" branch="false"/>
                <line number="218" hits="4" branch="false"/>
                <line number="221" hits="5" branch="false"/>
                <line number="222" hits="5" branch="false"/>
                <line number="223" hits="5" branch="false"/>
                <line number="224" hits="5" branch="false"/>
                <line number="225" hits="5" branch="false"/>
                <line number="226" hits="5" branch="false"/>
                <line number="227" hits="5" branch="false"/>
                <line number="228" hits="5" branch="false"/>
                <line number="229" hits="5" branch="false"/>
                <line number="230" hits="5" branch="false"/>
                <line number="231" hits="5" branch="false"/>
                <line number="232" hits="5" branch="false"/>
                <line number="233" hits="5" branch="false"/>
                <line number="234" hits="5" branch="false"/>
                <line number="235" hits="5" branch="false"/>
                <line number="236" hits="5" branch="false"/>
                <line number="237" hits="5" branch="false"/>
                <line number="239" hits="5" branch="false"/>
                <line number="240" hits="5" branch="false"/>
              </lines>
            </method>
            <method name="GAM.ss.boot" signature="" line-rate="0.966101694915254" branch-rate="0" complexity="0">
              <lines>
                <line number="318" hits="8" branch="false"/>
                <line number="319" hits="8" branch="false"/>
                <line number="320" hits="1" branch="false"/>
                <line number="322" hits="7" branch="false"/>
                <line number="323" hits="7" branch="false"/>
                <line number="324" hits="2" branch="false"/>
                <line number="326" hits="5" branch="false"/>
                <line number="327" hits="5" branch="false"/>
                <line number="328" hits="0" branch="false"/>
                <line number="330" hits="5" branch="false"/>
                <line number="331" hits="5" branch="false"/>
                <line number="332" hits="0" branch="false"/>
                <line number="334" hits="5" branch="false"/>
                <line number="335" hits="0" branch="false"/>
                <line number="337" hits="5" branch="false"/>
                <line number="338" hits="1" branch="false"/>
                <line number="339" hits="1" branch="false"/>
                <line number="343" hits="4" branch="false"/>
                <line number="346" hits="4" branch="false"/>
                <line number="347" hits="4" branch="false"/>
                <line number="348" hits="4" branch="false"/>
                <line number="351" hits="4" branch="false"/>
                <line number="352" hits="4" branch="false"/>
                <line number="353" hits="3" branch="false"/>
                <line number="354" hits="3" branch="false"/>
                <line number="355" hits="3" branch="false"/>
                <line number="357" hits="1" branch="false"/>
                <line number="358" hits="1" branch="false"/>
                <line number="359" hits="1" branch="false"/>
                <line number="361" hits="4" branch="false"/>
                <line number="362" hits="4" branch="false"/>
                <line number="365" hits="4" branch="false"/>
                <line number="366" hits="4" branch="false"/>
                <line number="367" hits="0" branch="false"/>
                <line number="368" hits="4" branch="false"/>
                <line number="369" hits="4" branch="false"/>
                <line number="370" hits="4" branch="false"/>
                <line number="371" hits="4" branch="false"/>
                <line number="372" hits="4" branch="false"/>
                <line number="373" hits="4" branch="false"/>
                <line number="374" hits="4" branch="false"/>
                <line number="375" hits="4" branch="false"/>
                <line number="376" hits="0" branch="false"/>
                <line number="377" hits="4" branch="false"/>
                <line number="378" hits="4" branch="false"/>
                <line number="379" hits="4" branch="false"/>
                <line number="381" hits="4" branch="false"/>
                <line number="382" hits="4" branch="false"/>
                <line number="383" hits="4" branch="false"/>
                <line number="386" hits="4" branch="false"/>
                <line number="387" hits="0" branch="false"/>
                <line number="389" hits="4" branch="false"/>
                <line number="391" hits="4" branch="false"/>
                <line number="394" hits="4" branch="false"/>
                <line number="395" hits="4" branch="false"/>
                <line number="396" hits="4" branch="false"/>
                <line number="397" hits="4" branch="false"/>
                <line number="398" hits="4" branch="false"/>
                <line number="399" hits="4" branch="false"/>
                <line number="400" hits="4" branch="false"/>
                <line number="402" hits="4" branch="false"/>
                <line number="403" hits="4" branch="false"/>
                <line number="405" hits="4" branch="false"/>
                <line number="406" hits="4" branch="false"/>
                <line number="407" hits="4" branch="false"/>
                <line number="408" hits="4" branch="false"/>
                <line number="409" hits="4" branch="false"/>
                <line number="410" hits="4" branch="false"/>
                <line number="411" hits="4" branch="false"/>
                <line number="412" hits="4" branch="false"/>
                <line number="413" hits="4" branch="false"/>
                <line number="414" hits="4" branch="false"/>
                <line number="415" hits="4" branch="false"/>
                <line number="416" hits="4" branch="false"/>
                <line number="417" hits="4" branch="false"/>
                <line number="418" hits="4" branch="false"/>
                <line number="419" hits="4" branch="false"/>
                <line number="420" hits="4" branch="false"/>
                <line number="421" hits="4" branch="false"/>
                <line number="422" hits="4" branch="false"/>
                <line number="423" hits="4" branch="false"/>
                <line number="424" hits="4" branch="false"/>
                <line number="425" hits="4" branch="false"/>
                <line number="426" hits="4" branch="false"/>
                <line number="427" hits="4" branch="false"/>
                <line number="428" hits="4" branch="false"/>
                <line number="429" hits="4" branch="false"/>
                <line number="430" hits="4" branch="false"/>
                <line number="431" hits="4" branch="false"/>
                <line number="432" hits="4" branch="false"/>
                <line number="433" hits="4" branch="false"/>
                <line number="434" hits="4" branch="false"/>
                <line number="435" hits="4" branch="false"/>
                <line number="436" hits="4" branch="false"/>
                <line number="437" hits="4" branch="false"/>
                <line number="438" hits="4" branch="false"/>
                <line number="440" hits="4" branch="false"/>
                <line number="441" hits="4" branch="false"/>
                <line number="442" hits="4" branch="false"/>
                <line number="443" hits="4" branch="false"/>
                <line number="444" hits="4" branch="false"/>
                <line number="445" hits="4" branch="false"/>
                <line number="446" hits="4" branch="false"/>
                <line number="448" hits="4" branch="false"/>
                <line number="449" hits="4" branch="false"/>
                <line number="450" hits="4" branch="false"/>
                <line number="452" hits="4" branch="false"/>
                <line number="453" hits="2" branch="false"/>
                <line number="454" hits="2" branch="false"/>
                <line number="455" hits="2" branch="false"/>
                <line number="456" hits="2" branch="false"/>
                <line number="457" hits="4" branch="false"/>
                <line number="458" hits="4" branch="false"/>
                <line number="459" hits="3" branch="false"/>
                <line number="460" hits="3" branch="false"/>
                <line number="461" hits="3" branch="false"/>
                <line number="462" hits="3" branch="false"/>
                <line number="463" hits="4" branch="false"/>
                <line number="464" hits="3" branch="false"/>
                <line number="465" hits="4" branch="false"/>
                <line number="466" hits="4" branch="false"/>
                <line number="467" hits="1" branch="false"/>
                <line number="468" hits="1" branch="false"/>
                <line number="469" hits="1" branch="false"/>
                <line number="470" hits="1" branch="false"/>
                <line number="471" hits="4" branch="false"/>
                <line number="472" hits="4" branch="false"/>
                <line number="473" hits="4" branch="false"/>
                <line number="475" hits="4" branch="false"/>
                <line number="476" hits="1" branch="false"/>
                <line number="477" hits="1" branch="false"/>
                <line number="481" hits="4" branch="false"/>
                <line number="482" hits="4" branch="false"/>
                <line number="483" hits="4" branch="false"/>
                <line number="484" hits="4" branch="false"/>
                <line number="485" hits="4" branch="false"/>
                <line number="486" hits="1" branch="false"/>
                <line number="487" hits="1" branch="false"/>
                <line number="488" hits="1" branch="false"/>
                <line number="489" hits="1" branch="false"/>
                <line number="493" hits="4" branch="false"/>
                <line number="494" hits="4" branch="false"/>
                <line number="495" hits="4" branch="false"/>
                <line number="497" hits="4" branch="false"/>
                <line number="498" hits="4" branch="false"/>
                <line number="499" hits="4" branch="false"/>
                <line number="500" hits="4" branch="false"/>
                <line number="501" hits="4" branch="false"/>
                <line number="502" hits="4" branch="false"/>
                <line number="503" hits="4" branch="false"/>
                <line number="504" hits="4" branch="false"/>
                <line number="505" hits="4" branch="false"/>
                <line number="507" hits="4" branch="false"/>
                <line number="508" hits="4" branch="false"/>
                <line number="509" hits="4" branch="false"/>
                <line number="511" hits="4" branch="false"/>
                <line number="512" hits="4" branch="false"/>
                <line number="513" hits="1" branch="false"/>
                <line number="515" hits="3" branch="false"/>
                <line number="518" hits="4" branch="false"/>
                <line number="519" hits="4" branch="false"/>
                <line number="520" hits="4" branch="false"/>
                <line number="521" hits="4" branch="false"/>
                <line number="522" hits="4" branch="false"/>
                <line number="523" hits="4" branch="false"/>
                <line number="524" hits="4" branch="false"/>
                <line number="525" hits="4" branch="false"/>
                <line number="526" hits="4" branch="false"/>
                <line number="527" hits="4" branch="false"/>
                <line number="528" hits="4" branch="false"/>
                <line number="529" hits="4" branch="false"/>
                <line number="530" hits="4" branch="false"/>
                <line number="531" hits="4" branch="false"/>
                <line number="532" hits="4" branch="false"/>
                <line number="533" hits="4" branch="false"/>
                <line number="535" hits="4" branch="false"/>
                <line number="536" hits="4" branch="false"/>
              </lines>
            </method>
          </methods>
          <lines>
            <line number="75" hits="9" branch="false"/>
            <line number="76" hits="1" branch="false"/>
            <line number="77" hits="8" branch="false"/>
            <line number="78" hits="8" branch="false"/>
            <line number="79" hits="2" branch="false"/>
            <line number="81" hits="6" branch="false"/>
            <line number="82" hits="1" branch="false"/>
            <line number="83" hits="1" branch="false"/>
            <line number="87" hits="5" branch="false"/>
            <line number="90" hits="5" branch="false"/>
            <line number="92" hits="5" branch="false"/>
            <line number="93" hits="5" branch="false"/>
            <line number="96" hits="5" branch="false"/>
            <line number="97" hits="5" branch="false"/>
            <line number="98" hits="4" branch="false"/>
            <line number="99" hits="4" branch="false"/>
            <line number="101" hits="4" branch="false"/>
            <line number="103" hits="1" branch="false"/>
            <line number="104" hits="1" branch="false"/>
            <line number="105" hits="1" branch="false"/>
            <line number="107" hits="5" branch="false"/>
            <line number="108" hits="5" branch="false"/>
            <line number="111" hits="5" branch="false"/>
            <line number="112" hits="5" branch="false"/>
            <line number="113" hits="0" branch="false"/>
            <line number="114" hits="5" branch="false"/>
            <line number="115" hits="5" branch="false"/>
            <line number="116" hits="5" branch="false"/>
            <line number="117" hits="5" branch="false"/>
            <line number="118" hits="5" branch="false"/>
            <line number="119" hits="5" branch="false"/>
            <line number="120" hits="5" branch="false"/>
            <line number="121" hits="5" branch="false"/>
            <line number="122" hits="0" branch="false"/>
            <line number="123" hits="5" branch="false"/>
            <line number="124" hits="5" branch="false"/>
            <line number="125" hits="5" branch="false"/>
            <line number="126" hits="5" branch="false"/>
            <line number="127" hits="5" branch="false"/>
            <line number="128" hits="5" branch="false"/>
            <line number="130" hits="5" branch="false"/>
            <line number="133" hits="5" branch="false"/>
            <line number="134" hits="0" branch="false"/>
            <line number="136" hits="5" branch="false"/>
            <line number="138" hits="5" branch="false"/>
            <line number="140" hits="5" branch="false"/>
            <line number="141" hits="5" branch="false"/>
            <line number="142" hits="5" branch="false"/>
            <line number="144" hits="5" branch="false"/>
            <line number="145" hits="5" branch="false"/>
            <line number="146" hits="5" branch="false"/>
            <line number="147" hits="5" branch="false"/>
            <line number="148" hits="5" branch="false"/>
            <line number="149" hits="5" branch="false"/>
            <line number="150" hits="5" branch="false"/>
            <line number="151" hits="5" branch="false"/>
            <line number="152" hits="5" branch="false"/>
            <line number="153" hits="5" branch="false"/>
            <line number="154" hits="5" branch="false"/>
            <line number="155" hits="5" branch="false"/>
            <line number="156" hits="5" branch="false"/>
            <line number="157" hits="5" branch="false"/>
            <line number="158" hits="5" branch="false"/>
            <line number="159" hits="5" branch="false"/>
            <line number="160" hits="5" branch="false"/>
            <line number="161" hits="5" branch="false"/>
            <line number="162" hits="5" branch="false"/>
            <line number="163" hits="5" branch="false"/>
            <line number="164" hits="5" branch="false"/>
            <line number="165" hits="5" branch="false"/>
            <line number="166" hits="5" branch="false"/>
            <line number="167" hits="5" branch="false"/>
            <line number="168" hits="5" branch="false"/>
            <line number="169" hits="5" branch="false"/>
            <line number="170" hits="5" branch="false"/>
            <line number="171" hits="5" branch="false"/>
            <line number="172" hits="5" branch="false"/>
            <line number="173" hits="5" branch="false"/>
            <line number="174" hits="5" branch="false"/>
            <line number="175" hits="5" branch="false"/>
            <line number="176" hits="5" branch="false"/>
            <line number="177" hits="5" branch="false"/>
            <line number="179" hits="5" branch="false"/>
            <line number="180" hits="5" branch="false"/>
            <line number="181" hits="5" branch="false"/>
            <line number="182" hits="5" branch="false"/>
            <line number="184" hits="5" branch="false"/>
            <line number="185" hits="5" branch="false"/>
            <line number="186" hits="5" branch="false"/>
            <line number="187" hits="5" branch="false"/>
            <line number="190" hits="5" branch="false"/>
            <line number="191" hits="5" branch="false"/>
            <line number="192" hits="5" branch="false"/>
            <line number="193" hits="5" branch="false"/>
            <line number="194" hits="5" branch="false"/>
            <line number="195" hits="5" branch="false"/>
            <line number="196" hits="5" branch="false"/>
            <line number="197" hits="1" branch="false"/>
            <line number="198" hits="1" branch="false"/>
            <line number="199" hits="1" branch="false"/>
            <line number="200" hits="1" branch="false"/>
            <line number="203" hits="5" branch="false"/>
            <line number="204" hits="5" branch="false"/>
            <line number="205" hits="5" branch="false"/>
            <line number="206" hits="5" branch="false"/>
            <line number="207" hits="5" branch="false"/>
            <line number="208" hits="5" branch="false"/>
            <line number="209" hits="5" branch="false"/>
            <line number="211" hits="5" branch="false"/>
            <line number="212" hits="5" branch="false"/>
            <line number="213" hits="5" branch="false"/>
            <line number="214" hits="5" branch="false"/>
            <line number="215" hits="5" branch="false"/>
            <line number="216" hits="1" branch="false"/>
            <line number="218" hits="4" branch="false"/>
            <line number="221" hits="5" branch="false"/>
            <line number="222" hits="5" branch="false"/>
            <line number="223" hits="5" branch="false"/>
            <line number="224" hits="5" branch="false"/>
            <line number="225" hits="5" branch="false"/>
            <line number="226" hits="5" branch="false"/>
            <line number="227" hits="5" branch="false"/>
            <line number="228" hits="5" branch="false"/>
            <line number="229" hits="5" branch="false"/>
            <line number="230" hits="5" branch="false"/>
            <line number="231" hits="5" branch="false"/>
            <line number="232" hits="5" branch="false"/>
            <line number="233" hits="5" branch="false"/>
            <line number="234" hits="5" branch="false"/>
            <line number="235" hits="5" branch="false"/>
            <line number="236" hits="5" branch="false"/>
            <line number="237" hits="5" branch="false"/>
            <line number="239" hits="5" branch="false"/>
            <line number="240" hits="5" branch="false"/>
            <line number="318" hits="8" branch="false"/>
            <line number="319" hits="8" branch="false"/>
            <line number="320" hits="1" branch="false"/>
            <line number="322" hits="7" branch="false"/>
            <line number="323" hits="7" branch="false"/>
            <line number="324" hits="2" branch="false"/>
            <line number="326" hits="5" branch="false"/>
            <line number="327" hits="5" branch="false"/>
            <line number="328" hits="0" branch="false"/>
            <line number="330" hits="5" branch="false"/>
            <line number="331" hits="5" branch="false"/>
            <line number="332" hits="0" branch="false"/>
            <line number="334" hits="5" branch="false"/>
            <line number="335" hits="0" branch="false"/>
            <line number="337" hits="5" branch="false"/>
            <line number="338" hits="1" branch="false"/>
            <line number="339" hits="1" branch="false"/>
            <line number="343" hits="4" branch="false"/>
            <line number="346" hits="4" branch="false"/>
            <line number="347" hits="4" branch="false"/>
            <line number="348" hits="4" branch="false"/>
            <line number="351" hits="4" branch="false"/>
            <line number="352" hits="4" branch="false"/>
            <line number="353" hits="3" branch="false"/>
            <line number="354" hits="3" branch="false"/>
            <line number="355" hits="3" branch="false"/>
            <line number="357" hits="1" branch="false"/>
            <line number="358" hits="1" branch="false"/>
            <line number="359" hits="1" branch="false"/>
            <line number="361" hits="4" branch="false"/>
            <line number="362" hits="4" branch="false"/>
            <line number="365" hits="4" branch="false"/>
            <line number="366" hits="4" branch="false"/>
            <line number="367" hits="0" branch="false"/>
            <line number="368" hits="4" branch="false"/>
            <line number="369" hits="4" branch="false"/>
            <line number="370" hits="4" branch="false"/>
            <line number="371" hits="4" branch="false"/>
            <line number="372" hits="4" branch="false"/>
            <line number="373" hits="4" branch="false"/>
            <line number="374" hits="4" branch="false"/>
            <line number="375" hits="4" branch="false"/>
            <line number="376" hits="0" branch="false"/>
            <line number="377" hits="4" branch="false"/>
            <line number="378" hits="4" branch="false"/>
            <line number="379" hits="4" branch="false"/>
            <line number="381" hits="4" branch="false"/>
            <line number="382" hits="4" branch="false"/>
            <line number="383" hits="4" branch="false"/>
            <line number="386" hits="4" branch="false"/>
            <line number="387" hits="0" branch="false"/>
            <line number="389" hits="4" branch="false"/>
            <line number="391" hits="4" branch="false"/>
            <line number="394" hits="4" branch="false"/>
            <line number="395" hits="4" branch="false"/>
            <line number="396" hits="4" branch="false"/>
            <line number="397" hits="4" branch="false"/>
            <line number="398" hits="4" branch="false"/>
            <line number="399" hits="4" branch="false"/>
            <line number="400" hits="4" branch="false"/>
            <line number="402" hits="4" branch="false"/>
            <line number="403" hits="4" branch="false"/>
            <line number="405" hits="4" branch="false"/>
            <line number="406" hits="4" branch="false"/>
            <line number="407" hits="4" branch="false"/>
            <line number="408" hits="4" branch="false"/>
            <line number="409" hits="4" branch="false"/>
            <line number="410" hits="4" branch="false"/>
            <line number="411" hits="4" branch="false"/>
            <line number="412" hits="4" branch="false"/>
            <line number="413" hits="4" branch="false"/>
            <line number="414" hits="4" branch="false"/>
            <line number="415" hits="4" branch="false"/>
            <line number="416" hits="4" branch="false"/>
            <line number="417" hits="4" branch="false"/>
            <line number="418" hits="4" branch="false"/>
            <line number="419" hits="4" branch="false"/>
            <line number="420" hits="4" branch="false"/>
            <line number="421" hits="4" branch="false"/>
            <line number="422" hits="4" branch="false"/>
            <line number="423" hits="4" branch="false"/>
            <line number="424" hits="4" branch="false"/>
            <line number="425" hits="4" branch="false"/>
            <line number="426" hits="4" branch="false"/>
            <line number="427" hits="4" branch="false"/>
            <line number="428" hits="4" branch="false"/>
            <line number="429" hits="4" branch="false"/>
            <line number="430" hits="4" branch="false"/>
            <line number="431" hits="4" branch="false"/>
            <line number="432" hits="4" branch="false"/>
            <line number="433" hits="4" branch="false"/>
            <line number="434" hits="4" branch="false"/>
            <line number="435" hits="4" branch="false"/>
            <line number="436" hits="4" branch="false"/>
            <line number="437" hits="4" branch="false"/>
            <line number="438" hits="4" branch="false"/>
            <line number="440" hits="4" branch="false"/>
            <line number="441" hits="4" branch="false"/>
            <line number="442" hits="4" branch="false"/>
            <line number="443" hits="4" branch="false"/>
            <line number="444" hits="4" branch="false"/>
            <line number="445" hits="4" branch="false"/>
            <line number="446" hits="4" branch="false"/>
            <line number="448" hits="4" branch="false"/>
            <line number="449" hits="4" branch="false"/>
            <line number="450" hits="4" branch="false"/>
            <line number="452" hits="4" branch="false"/>
            <line number="453" hits="2" branch="false"/>
            <line number="454" hits="2" branch="false"/>
            <line number="455" hits="2" branch="false"/>
            <line number="456" hits="2" branch="false"/>
            <line number="457" hits="4" branch="false"/>
            <line number="458" hits="4" branch="false"/>
            <line number="459" hits="3" branch="false"/>
            <line number="460" hits="3" branch="false"/>
            <line number="461" hits="3" branch="false"/>
            <line number="462" hits="3" branch="false"/>
            <line number="463" hits="4" branch="false"/>
            <line number="464" hits="3" branch="false"/>
            <line number="465" hits="4" branch="false"/>
            <line number="466" hits="4" branch="false"/>
            <line number="467" hits="1" branch="false"/>
            <line number="468" hits="1" branch="false"/>
            <line number="469" hits="1" branch="false"/>
            <line number="470" hits="1" branch="false"/>
            <line number="471" hits="4" branch="false"/>
            <line number="472" hits="4" branch="false"/>
            <line number="473" hits="4" branch="false"/>
            <line number="475" hits="4" branch="false"/>
            <line number="476" hits="1" branch="false"/>
            <line number="477" hits="1" branch="false"/>
            <line number="481" hits="4" branch="false"/>
            <line number="482" hits="4" branch="false"/>
            <line number="483" hits="4" branch="false"/>
            <line number="484" hits="4" branch="false"/>
            <line number="485" hits="4" branch="false"/>
            <line number="486" hits="1" branch="false"/>
            <line number="487" hits="1" branch="false"/>
            <line number="488" hits="1" branch="false"/>
            <line number="489" hits="1" branch="false"/>
            <line number="493" hits="4" branch="false"/>
            <line number="494" hits="4" branch="false"/>
            <line number="495" hits="4" branch="false"/>
            <line number="497" hits="4" branch="false"/>
            <line number="498" hits="4" branch="false"/>
            <line number="499" hits="4" branch="false"/>
            <line number="500" hits="4" branch="false"/>
            <line number="501" hits="4" branch="false"/>
            <line number="502" hits="4" branch="false"/>
            <line number="503" hits="4" branch="false"/>
            <line number="504" hits="4" branch="false"/>
            <line number="505" hits="4" branch="false"/>
            <line number="507" hits="4" branch="false"/>
            <line number="508" hits="4" branch="false"/>
            <line number="509" hits="4" branch="false"/>
            <line number="511" hits="4" branch="false"/>
            <line number="512" hits="4" branch="false"/>
            <line number="513" hits="1" branch="false"/>
            <line number="515" hits="3" branch="false"/>
            <line number="518" hits="4" branch="false"/>
            <line number="519" hits="4" branch="false"/>
            <line number="520" hits="4" branch="false"/>
            <line number="521" hits="4" branch="false"/>
            <line number="522" hits="4" branch="false"/>
            <line number="523" hits="4" branch="false"/>
            <line number="524" hits="4" branch="false"/>
            <line number="525" hits="4" branch="false"/>
            <line number="526" hits="4" branch="false"/>
            <line number="527" hits="4" branch="false"/>
            <line number="528" hits="4" branch="false"/>
            <line number="529" hits="4" branch="false"/>
            <line number="530" hits="4" branch="false"/>
            <line number="531" hits="4" branch="false"/>
            <line number="532" hits="4" branch="false"/>
            <line number="533" hits="4" branch="false"/>
            <line number="535" hits="4" branch="false"/>
            <line number="536" hits="4" branch="false"/>
          </lines>
        </class>
        <class name="additive_stratified_analytical.R" filename="R/additive_stratified_analytical.R" line-rate="0.95583596214511" branch-rate="0" complexity="0">
          <methods>
            <method name="additive.power.analytical" signature="" line-rate="0.966887417218543" branch-rate="0" complexity="0">
              <lines>
                <line number="68" hits="2" branch="false"/>
                <line number="69" hits="2" branch="false"/>
                <line number="70" hits="2" branch="false"/>
                <line number="71" hits="2" branch="false"/>
                <line number="72" hits="2" branch="false"/>
                <line number="74" hits="2" branch="false"/>
                <line number="75" hits="2" branch="false"/>
                <line number="77" hits="2" branch="false"/>
                <line number="78" hits="2" branch="false"/>
                <line number="79" hits="2" branch="false"/>
                <line number="80" hits="2" branch="false"/>
                <line number="82" hits="2" branch="false"/>
                <line number="83" hits="2" branch="false"/>
                <line number="84" hits="2" branch="false"/>
                <line number="85" hits="2" branch="false"/>
                <line number="86" hits="5" branch="false"/>
                <line number="87" hits="5" branch="false"/>
                <line number="88" hits="5" branch="false"/>
                <line number="89" hits="0" branch="false"/>
                <line number="90" hits="0" branch="false"/>
                <line number="91" hits="0" branch="false"/>
                <line number="92" hits="0" branch="false"/>
                <line number="96" hits="2" branch="false"/>
                <line number="97" hits="2" branch="false"/>
                <line number="98" hits="2" branch="false"/>
                <line number="99" hits="2" branch="false"/>
                <line number="100" hits="2" branch="false"/>
                <line number="101" hits="2" branch="false"/>
                <line number="103" hits="2" branch="false"/>
                <line number="106" hits="2" branch="false"/>
                <line number="107" hits="2" branch="false"/>
                <line number="109" hits="2" branch="false"/>
                <line number="110" hits="2" branch="false"/>
                <line number="111" hits="2" branch="false"/>
                <line number="112" hits="2" branch="false"/>
                <line number="113" hits="2" branch="false"/>
                <line number="114" hits="2" branch="false"/>
                <line number="115" hits="2" branch="false"/>
                <line number="116" hits="2" branch="false"/>
                <line number="117" hits="2" branch="false"/>
                <line number="118" hits="2" branch="false"/>
                <line number="120" hits="2" branch="false"/>
                <line number="121" hits="2" branch="false"/>
                <line number="123" hits="2" branch="false"/>
                <line number="124" hits="5" branch="false"/>
                <line number="127" hits="2" branch="false"/>
                <line number="128" hits="2" branch="false"/>
                <line number="129" hits="2" branch="false"/>
                <line number="131" hits="2" branch="false"/>
                <line number="132" hits="2" branch="false"/>
                <line number="133" hits="2" branch="false"/>
                <line number="136" hits="2" branch="false"/>
                <line number="137" hits="2" branch="false"/>
                <line number="138" hits="2" branch="false"/>
                <line number="139" hits="0" branch="false"/>
                <line number="140" hits="2" branch="false"/>
                <line number="142" hits="2" branch="false"/>
                <line number="143" hits="2" branch="false"/>
                <line number="144" hits="2" branch="false"/>
                <line number="147" hits="2" branch="false"/>
                <line number="148" hits="2" branch="false"/>
                <line number="149" hits="2" branch="false"/>
                <line number="150" hits="2" branch="false"/>
                <line number="151" hits="2" branch="false"/>
                <line number="152" hits="2" branch="false"/>
                <line number="153" hits="2" branch="false"/>
                <line number="155" hits="2" branch="false"/>
                <line number="156" hits="2" branch="false"/>
                <line number="158" hits="2" branch="false"/>
                <line number="160" hits="2" branch="false"/>
                <line number="161" hits="2" branch="false"/>
                <line number="162" hits="2" branch="false"/>
                <line number="164" hits="2" branch="false"/>
                <line number="166" hits="2" branch="false"/>
                <line number="167" hits="2" branch="false"/>
                <line number="168" hits="2" branch="false"/>
                <line number="171" hits="2" branch="false"/>
                <line number="172" hits="2" branch="false"/>
                <line number="173" hits="2" branch="false"/>
                <line number="174" hits="2" branch="false"/>
                <line number="175" hits="2" branch="false"/>
                <line number="176" hits="2" branch="false"/>
                <line number="177" hits="2" branch="false"/>
                <line number="178" hits="2" branch="false"/>
                <line number="179" hits="2" branch="false"/>
                <line number="181" hits="2" branch="false"/>
                <line number="184" hits="2" branch="false"/>
                <line number="185" hits="2" branch="false"/>
                <line number="186" hits="2" branch="false"/>
                <line number="187" hits="2" branch="false"/>
                <line number="188" hits="2" branch="false"/>
                <line number="189" hits="2" branch="false"/>
                <line number="190" hits="2" branch="false"/>
                <line number="191" hits="2" branch="false"/>
                <line number="192" hits="2" branch="false"/>
                <line number="194" hits="2" branch="false"/>
                <line number="195" hits="2" branch="false"/>
                <line number="196" hits="2" branch="false"/>
                <line number="197" hits="2" branch="false"/>
                <line number="198" hits="2" branch="false"/>
                <line number="199" hits="2" branch="false"/>
                <line number="200" hits="2" branch="false"/>
                <line number="201" hits="2" branch="false"/>
                <line number="202" hits="2" branch="false"/>
                <line number="203" hits="2" branch="false"/>
                <line number="204" hits="2" branch="false"/>
                <line number="205" hits="2" branch="false"/>
                <line number="206" hits="2" branch="false"/>
                <line number="207" hits="2" branch="false"/>
                <line number="208" hits="2" branch="false"/>
                <line number="209" hits="2" branch="false"/>
                <line number="210" hits="2" branch="false"/>
                <line number="211" hits="2" branch="false"/>
                <line number="212" hits="2" branch="false"/>
                <line number="213" hits="2" branch="false"/>
                <line number="214" hits="2" branch="false"/>
                <line number="215" hits="2" branch="false"/>
                <line number="216" hits="2" branch="false"/>
                <line number="217" hits="2" branch="false"/>
                <line number="218" hits="2" branch="false"/>
                <line number="219" hits="2" branch="false"/>
                <line number="220" hits="2" branch="false"/>
                <line number="221" hits="2" branch="false"/>
                <line number="222" hits="2" branch="false"/>
                <line number="223" hits="2" branch="false"/>
                <line number="224" hits="2" branch="false"/>
                <line number="225" hits="2" branch="false"/>
                <line number="226" hits="2" branch="false"/>
                <line number="227" hits="2" branch="false"/>
                <line number="228" hits="2" branch="false"/>
                <line number="229" hits="2" branch="false"/>
                <line number="230" hits="2" branch="false"/>
                <line number="231" hits="2" branch="false"/>
                <line number="232" hits="2" branch="false"/>
                <line number="233" hits="2" branch="false"/>
                <line number="234" hits="2" branch="false"/>
                <line number="235" hits="2" branch="false"/>
                <line number="236" hits="2" branch="false"/>
                <line number="237" hits="2" branch="false"/>
                <line number="238" hits="2" branch="false"/>
                <line number="239" hits="2" branch="false"/>
                <line number="240" hits="2" branch="false"/>
                <line number="241" hits="2" branch="false"/>
                <line number="242" hits="2" branch="false"/>
                <line number="243" hits="2" branch="false"/>
                <line number="244" hits="2" branch="false"/>
                <line number="245" hits="2" branch="false"/>
                <line number="246" hits="2" branch="false"/>
                <line number="247" hits="2" branch="false"/>
                <line number="249" hits="2" branch="false"/>
                <line number="250" hits="2" branch="false"/>
              </lines>
            </method>
            <method name="additive.ss.analytical" signature="" line-rate="0.94578313253012" branch-rate="0" complexity="0">
              <lines>
                <line number="319" hits="2" branch="false"/>
                <line number="320" hits="2" branch="false"/>
                <line number="321" hits="2" branch="false"/>
                <line number="322" hits="2" branch="false"/>
                <line number="323" hits="2" branch="false"/>
                <line number="325" hits="2" branch="false"/>
                <line number="326" hits="2" branch="false"/>
                <line number="328" hits="2" branch="false"/>
                <line number="329" hits="2" branch="false"/>
                <line number="330" hits="2" branch="false"/>
                <line number="331" hits="2" branch="false"/>
                <line number="333" hits="2" branch="false"/>
                <line number="334" hits="2" branch="false"/>
                <line number="335" hits="2" branch="false"/>
                <line number="336" hits="2" branch="false"/>
                <line number="337" hits="5" branch="false"/>
                <line number="338" hits="5" branch="false"/>
                <line number="339" hits="5" branch="false"/>
                <line number="340" hits="0" branch="false"/>
                <line number="341" hits="0" branch="false"/>
                <line number="342" hits="0" branch="false"/>
                <line number="343" hits="0" branch="false"/>
                <line number="347" hits="2" branch="false"/>
                <line number="348" hits="2" branch="false"/>
                <line number="349" hits="2" branch="false"/>
                <line number="350" hits="2" branch="false"/>
                <line number="351" hits="2" branch="false"/>
                <line number="352" hits="2" branch="false"/>
                <line number="354" hits="2" branch="false"/>
                <line number="356" hits="2" branch="false"/>
                <line number="357" hits="2" branch="false"/>
                <line number="358" hits="2" branch="false"/>
                <line number="359" hits="2" branch="false"/>
                <line number="360" hits="2" branch="false"/>
                <line number="361" hits="2" branch="false"/>
                <line number="362" hits="2" branch="false"/>
                <line number="363" hits="2" branch="false"/>
                <line number="364" hits="2" branch="false"/>
                <line number="365" hits="2" branch="false"/>
                <line number="366" hits="2" branch="false"/>
                <line number="368" hits="2" branch="false"/>
                <line number="369" hits="2" branch="false"/>
                <line number="370" hits="5" branch="false"/>
                <line number="373" hits="2" branch="false"/>
                <line number="374" hits="2" branch="false"/>
                <line number="375" hits="2" branch="false"/>
                <line number="377" hits="2" branch="false"/>
                <line number="378" hits="2" branch="false"/>
                <line number="379" hits="2" branch="false"/>
                <line number="382" hits="2" branch="false"/>
                <line number="383" hits="2" branch="false"/>
                <line number="384" hits="2" branch="false"/>
                <line number="385" hits="0" branch="false"/>
                <line number="386" hits="2" branch="false"/>
                <line number="388" hits="2" branch="false"/>
                <line number="389" hits="2" branch="false"/>
                <line number="390" hits="2" branch="false"/>
                <line number="392" hits="2" branch="false"/>
                <line number="393" hits="2" branch="false"/>
                <line number="394" hits="2" branch="false"/>
                <line number="395" hits="2" branch="false"/>
                <line number="396" hits="2" branch="false"/>
                <line number="397" hits="2" branch="false"/>
                <line number="399" hits="2" branch="false"/>
                <line number="400" hits="2" branch="false"/>
                <line number="401" hits="2" branch="false"/>
                <line number="403" hits="2" branch="false"/>
                <line number="404" hits="2" branch="false"/>
                <line number="405" hits="2" branch="false"/>
                <line number="407" hits="2" branch="false"/>
                <line number="409" hits="2" branch="false"/>
                <line number="410" hits="2" branch="false"/>
                <line number="411" hits="2" branch="false"/>
                <line number="414" hits="2" branch="false"/>
                <line number="415" hits="2" branch="false"/>
                <line number="416" hits="2" branch="false"/>
                <line number="417" hits="2" branch="false"/>
                <line number="418" hits="2" branch="false"/>
                <line number="419" hits="2" branch="false"/>
                <line number="421" hits="2" branch="false"/>
                <line number="422" hits="2" branch="false"/>
                <line number="423" hits="2" branch="false"/>
                <line number="424" hits="2" branch="false"/>
                <line number="425" hits="0" branch="false"/>
                <line number="427" hits="2" branch="false"/>
                <line number="428" hits="2" branch="false"/>
                <line number="430" hits="2" branch="false"/>
                <line number="431" hits="2" branch="false"/>
                <line number="432" hits="2" branch="false"/>
                <line number="433" hits="2" branch="false"/>
                <line number="434" hits="0" branch="false"/>
                <line number="435" hits="2" branch="false"/>
                <line number="437" hits="2" branch="false"/>
                <line number="438" hits="0" branch="false"/>
                <line number="439" hits="0" branch="false"/>
                <line number="443" hits="2" branch="false"/>
                <line number="444" hits="2" branch="false"/>
                <line number="445" hits="2" branch="false"/>
                <line number="447" hits="2" branch="false"/>
                <line number="448" hits="2" branch="false"/>
                <line number="449" hits="2" branch="false"/>
                <line number="450" hits="2" branch="false"/>
                <line number="451" hits="2" branch="false"/>
                <line number="452" hits="2" branch="false"/>
                <line number="453" hits="2" branch="false"/>
                <line number="454" hits="2" branch="false"/>
                <line number="455" hits="2" branch="false"/>
                <line number="456" hits="2" branch="false"/>
                <line number="458" hits="2" branch="false"/>
                <line number="459" hits="2" branch="false"/>
                <line number="461" hits="2" branch="false"/>
                <line number="462" hits="2" branch="false"/>
                <line number="463" hits="2" branch="false"/>
                <line number="464" hits="2" branch="false"/>
                <line number="465" hits="2" branch="false"/>
                <line number="466" hits="2" branch="false"/>
                <line number="467" hits="2" branch="false"/>
                <line number="468" hits="2" branch="false"/>
                <line number="469" hits="2" branch="false"/>
                <line number="470" hits="2" branch="false"/>
                <line number="471" hits="2" branch="false"/>
                <line number="472" hits="2" branch="false"/>
                <line number="473" hits="2" branch="false"/>
                <line number="474" hits="2" branch="false"/>
                <line number="475" hits="2" branch="false"/>
                <line number="476" hits="2" branch="false"/>
                <line number="477" hits="2" branch="false"/>
                <line number="478" hits="2" branch="false"/>
                <line number="479" hits="2" branch="false"/>
                <line number="480" hits="2" branch="false"/>
                <line number="481" hits="2" branch="false"/>
                <line number="482" hits="2" branch="false"/>
                <line number="483" hits="2" branch="false"/>
                <line number="484" hits="2" branch="false"/>
                <line number="485" hits="2" branch="false"/>
                <line number="486" hits="2" branch="false"/>
                <line number="487" hits="2" branch="false"/>
                <line number="488" hits="2" branch="false"/>
                <line number="489" hits="2" branch="false"/>
                <line number="490" hits="2" branch="false"/>
                <line number="491" hits="2" branch="false"/>
                <line number="492" hits="2" branch="false"/>
                <line number="493" hits="2" branch="false"/>
                <line number="494" hits="2" branch="false"/>
                <line number="495" hits="2" branch="false"/>
                <line number="496" hits="2" branch="false"/>
                <line number="497" hits="2" branch="false"/>
                <line number="498" hits="2" branch="false"/>
                <line number="499" hits="2" branch="false"/>
                <line number="500" hits="2" branch="false"/>
                <line number="501" hits="2" branch="false"/>
                <line number="502" hits="2" branch="false"/>
                <line number="503" hits="2" branch="false"/>
                <line number="504" hits="2" branch="false"/>
                <line number="505" hits="2" branch="false"/>
                <line number="506" hits="2" branch="false"/>
                <line number="507" hits="2" branch="false"/>
                <line number="508" hits="2" branch="false"/>
                <line number="509" hits="2" branch="false"/>
                <line number="510" hits="2" branch="false"/>
                <line number="511" hits="2" branch="false"/>
                <line number="512" hits="2" branch="false"/>
                <line number="513" hits="2" branch="false"/>
                <line number="514" hits="2" branch="false"/>
                <line number="516" hits="2" branch="false"/>
                <line number="517" hits="2" branch="false"/>
              </lines>
            </method>
          </methods>
          <lines>
            <line number="68" hits="2" branch="false"/>
            <line number="69" hits="2" branch="false"/>
            <line number="70" hits="2" branch="false"/>
            <line number="71" hits="2" branch="false"/>
            <line number="72" hits="2" branch="false"/>
            <line number="74" hits="2" branch="false"/>
            <line number="75" hits="2" branch="false"/>
            <line number="77" hits="2" branch="false"/>
            <line number="78" hits="2" branch="false"/>
            <line number="79" hits="2" branch="false"/>
            <line number="80" hits="2" branch="false"/>
            <line number="82" hits="2" branch="false"/>
            <line number="83" hits="2" branch="false"/>
            <line number="84" hits="2" branch="false"/>
            <line number="85" hits="2" branch="false"/>
            <line number="86" hits="5" branch="false"/>
            <line number="87" hits="5" branch="false"/>
            <line number="88" hits="5" branch="false"/>
            <line number="89" hits="0" branch="false"/>
            <line number="90" hits="0" branch="false"/>
            <line number="91" hits="0" branch="false"/>
            <line number="92" hits="0" branch="false"/>
            <line number="96" hits="2" branch="false"/>
            <line number="97" hits="2" branch="false"/>
            <line number="98" hits="2" branch="false"/>
            <line number="99" hits="2" branch="false"/>
            <line number="100" hits="2" branch="false"/>
            <line number="101" hits="2" branch="false"/>
            <line number="103" hits="2" branch="false"/>
            <line number="106" hits="2" branch="false"/>
            <line number="107" hits="2" branch="false"/>
            <line number="109" hits="2" branch="false"/>
            <line number="110" hits="2" branch="false"/>
            <line number="111" hits="2" branch="false"/>
            <line number="112" hits="2" branch="false"/>
            <line number="113" hits="2" branch="false"/>
            <line number="114" hits="2" branch="false"/>
            <line number="115" hits="2" branch="false"/>
            <line number="116" hits="2" branch="false"/>
            <line number="117" hits="2" branch="false"/>
            <line number="118" hits="2" branch="false"/>
            <line number="120" hits="2" branch="false"/>
            <line number="121" hits="2" branch="false"/>
            <line number="123" hits="2" branch="false"/>
            <line number="124" hits="5" branch="false"/>
            <line number="127" hits="2" branch="false"/>
            <line number="128" hits="2" branch="false"/>
            <line number="129" hits="2" branch="false"/>
            <line number="131" hits="2" branch="false"/>
            <line number="132" hits="2" branch="false"/>
            <line number="133" hits="2" branch="false"/>
            <line number="136" hits="2" branch="false"/>
            <line number="137" hits="2" branch="false"/>
            <line number="138" hits="2" branch="false"/>
            <line number="139" hits="0" branch="false"/>
            <line number="140" hits="2" branch="false"/>
            <line number="142" hits="2" branch="false"/>
            <line number="143" hits="2" branch="false"/>
            <line number="144" hits="2" branch="false"/>
            <line number="147" hits="2" branch="false"/>
            <line number="148" hits="2" branch="false"/>
            <line number="149" hits="2" branch="false"/>
            <line number="150" hits="2" branch="false"/>
            <line number="151" hits="2" branch="false"/>
            <line number="152" hits="2" branch="false"/>
            <line number="153" hits="2" branch="false"/>
            <line number="155" hits="2" branch="false"/>
            <line number="156" hits="2" branch="false"/>
            <line number="158" hits="2" branch="false"/>
            <line number="160" hits="2" branch="false"/>
            <line number="161" hits="2" branch="false"/>
            <line number="162" hits="2" branch="false"/>
            <line number="164" hits="2" branch="false"/>
            <line number="166" hits="2" branch="false"/>
            <line number="167" hits="2" branch="false"/>
            <line number="168" hits="2" branch="false"/>
            <line number="171" hits="2" branch="false"/>
            <line number="172" hits="2" branch="false"/>
            <line number="173" hits="2" branch="false"/>
            <line number="174" hits="2" branch="false"/>
            <line number="175" hits="2" branch="false"/>
            <line number="176" hits="2" branch="false"/>
            <line number="177" hits="2" branch="false"/>
            <line number="178" hits="2" branch="false"/>
            <line number="179" hits="2" branch="false"/>
            <line number="181" hits="2" branch="false"/>
            <line number="184" hits="2" branch="false"/>
            <line number="185" hits="2" branch="false"/>
            <line number="186" hits="2" branch="false"/>
            <line number="187" hits="2" branch="false"/>
            <line number="188" hits="2" branch="false"/>
            <line number="189" hits="2" branch="false"/>
            <line number="190" hits="2" branch="false"/>
            <line number="191" hits="2" branch="false"/>
            <line number="192" hits="2" branch="false"/>
            <line number="194" hits="2" branch="false"/>
            <line number="195" hits="2" branch="false"/>
            <line number="196" hits="2" branch="false"/>
            <line number="197" hits="2" branch="false"/>
            <line number="198" hits="2" branch="false"/>
            <line number="199" hits="2" branch="false"/>
            <line number="200" hits="2" branch="false"/>
            <line number="201" hits="2" branch="false"/>
            <line number="202" hits="2" branch="false"/>
            <line number="203" hits="2" branch="false"/>
            <line number="204" hits="2" branch="false"/>
            <line number="205" hits="2" branch="false"/>
            <line number="206" hits="2" branch="false"/>
            <line number="207" hits="2" branch="false"/>
            <line number="208" hits="2" branch="false"/>
            <line number="209" hits="2" branch="false"/>
            <line number="210" hits="2" branch="false"/>
            <line number="211" hits="2" branch="false"/>
            <line number="212" hits="2" branch="false"/>
            <line number="213" hits="2" branch="false"/>
            <line number="214" hits="2" branch="false"/>
            <line number="215" hits="2" branch="false"/>
            <line number="216" hits="2" branch="false"/>
            <line number="217" hits="2" branch="false"/>
            <line number="218" hits="2" branch="false"/>
            <line number="219" hits="2" branch="false"/>
            <line number="220" hits="2" branch="false"/>
            <line number="221" hits="2" branch="false"/>
            <line number="222" hits="2" branch="false"/>
            <line number="223" hits="2" branch="false"/>
            <line number="224" hits="2" branch="false"/>
            <line number="225" hits="2" branch="false"/>
            <line number="226" hits="2" branch="false"/>
            <line number="227" hits="2" branch="false"/>
            <line number="228" hits="2" branch="false"/>
            <line number="229" hits="2" branch="false"/>
            <line number="230" hits="2" branch="false"/>
            <line number="231" hits="2" branch="false"/>
            <line number="232" hits="2" branch="false"/>
            <line number="233" hits="2" branch="false"/>
            <line number="234" hits="2" branch="false"/>
            <line number="235" hits="2" branch="false"/>
            <line number="236" hits="2" branch="false"/>
            <line number="237" hits="2" branch="false"/>
            <line number="238" hits="2" branch="false"/>
            <line number="239" hits="2" branch="false"/>
            <line number="240" hits="2" branch="false"/>
            <line number="241" hits="2" branch="false"/>
            <line number="242" hits="2" branch="false"/>
            <line number="243" hits="2" branch="false"/>
            <line number="244" hits="2" branch="false"/>
            <line number="245" hits="2" branch="false"/>
            <line number="246" hits="2" branch="false"/>
            <line number="247" hits="2" branch="false"/>
            <line number="249" hits="2" branch="false"/>
            <line number="250" hits="2" branch="false"/>
            <line number="319" hits="2" branch="false"/>
            <line number="320" hits="2" branch="false"/>
            <line number="321" hits="2" branch="false"/>
            <line number="322" hits="2" branch="false"/>
            <line number="323" hits="2" branch="false"/>
            <line number="325" hits="2" branch="false"/>
            <line number="326" hits="2" branch="false"/>
            <line number="328" hits="2" branch="false"/>
            <line number="329" hits="2" branch="false"/>
            <line number="330" hits="2" branch="false"/>
            <line number="331" hits="2" branch="false"/>
            <line number="333" hits="2" branch="false"/>
            <line number="334" hits="2" branch="false"/>
            <line number="335" hits="2" branch="false"/>
            <line number="336" hits="2" branch="false"/>
            <line number="337" hits="5" branch="false"/>
            <line number="338" hits="5" branch="false"/>
            <line number="339" hits="5" branch="false"/>
            <line number="340" hits="0" branch="false"/>
            <line number="341" hits="0" branch="false"/>
            <line number="342" hits="0" branch="false"/>
            <line number="343" hits="0" branch="false"/>
            <line number="347" hits="2" branch="false"/>
            <line number="348" hits="2" branch="false"/>
            <line number="349" hits="2" branch="false"/>
            <line number="350" hits="2" branch="false"/>
            <line number="351" hits="2" branch="false"/>
            <line number="352" hits="2" branch="false"/>
            <line number="354" hits="2" branch="false"/>
            <line number="356" hits="2" branch="false"/>
            <line number="357" hits="2" branch="false"/>
            <line number="358" hits="2" branch="false"/>
            <line number="359" hits="2" branch="false"/>
            <line number="360" hits="2" branch="false"/>
            <line number="361" hits="2" branch="false"/>
            <line number="362" hits="2" branch="false"/>
            <line number="363" hits="2" branch="false"/>
            <line number="364" hits="2" branch="false"/>
            <line number="365" hits="2" branch="false"/>
            <line number="366" hits="2" branch="false"/>
            <line number="368" hits="2" branch="false"/>
            <line number="369" hits="2" branch="false"/>
            <line number="370" hits="5" branch="false"/>
            <line number="373" hits="2" branch="false"/>
            <line number="374" hits="2" branch="false"/>
            <line number="375" hits="2" branch="false"/>
            <line number="377" hits="2" branch="false"/>
            <line number="378" hits="2" branch="false"/>
            <line number="379" hits="2" branch="false"/>
            <line number="382" hits="2" branch="false"/>
            <line number="383" hits="2" branch="false"/>
            <line number="384" hits="2" branch="false"/>
            <line number="385" hits="0" branch="false"/>
            <line number="386" hits="2" branch="false"/>
            <line number="388" hits="2" branch="false"/>
            <line number="389" hits="2" branch="false"/>
            <line number="390" hits="2" branch="false"/>
            <line number="392" hits="2" branch="false"/>
            <line number="393" hits="2" branch="false"/>
            <line number="394" hits="2" branch="false"/>
            <line number="395" hits="2" branch="false"/>
            <line number="396" hits="2" branch="false"/>
            <line number="397" hits="2" branch="false"/>
            <line number="399" hits="2" branch="false"/>
            <line number="400" hits="2" branch="false"/>
            <line number="401" hits="2" branch="false"/>
            <line number="403" hits="2" branch="false"/>
            <line number="404" hits="2" branch="false"/>
            <line number="405" hits="2" branch="false"/>
            <line number="407" hits="2" branch="false"/>
            <line number="409" hits="2" branch="false"/>
            <line number="410" hits="2" branch="false"/>
            <line number="411" hits="2" branch="false"/>
            <line number="414" hits="2" branch="false"/>
            <line number="415" hits="2" branch="false"/>
            <line number="416" hits="2" branch="false"/>
            <line number="417" hits="2" branch="false"/>
            <line number="418" hits="2" branch="false"/>
            <line number="419" hits="2" branch="false"/>
            <line number="421" hits="2" branch="false"/>
            <line number="422" hits="2" branch="false"/>
            <line number="423" hits="2" branch="false"/>
            <line number="424" hits="2" branch="false"/>
            <line number="425" hits="0" branch="false"/>
            <line number="427" hits="2" branch="false"/>
            <line number="428" hits="2" branch="false"/>
            <line number="430" hits="2" branch="false"/>
            <line number="431" hits="2" branch="false"/>
            <line number="432" hits="2" branch="false"/>
            <line number="433" hits="2" branch="false"/>
            <line number="434" hits="0" branch="false"/>
            <line number="435" hits="2" branch="false"/>
            <line number="437" hits="2" branch="false"/>
            <line number="438" hits="0" branch="false"/>
            <line number="439" hits="0" branch="false"/>
            <line number="443" hits="2" branch="false"/>
            <line number="444" hits="2" branch="false"/>
            <line number="445" hits="2" branch="false"/>
            <line number="447" hits="2" branch="false"/>
            <line number="448" hits="2" branch="false"/>
            <line number="449" hits="2" branch="false"/>
            <line number="450" hits="2" branch="false"/>
            <line number="451" hits="2" branch="false"/>
            <line number="452" hits="2" branch="false"/>
            <line number="453" hits="2" branch="false"/>
            <line number="454" hits="2" branch="false"/>
            <line number="455" hits="2" branch="false"/>
            <line number="456" hits="2" branch="false"/>
            <line number="458" hits="2" branch="false"/>
            <line number="459" hits="2" branch="false"/>
            <line number="461" hits="2" branch="false"/>
            <line number="462" hits="2" branch="false"/>
            <line number="463" hits="2" branch="false"/>
            <line number="464" hits="2" branch="false"/>
            <line number="465" hits="2" branch="false"/>
            <line number="466" hits="2" branch="false"/>
            <line number="467" hits="2" branch="false"/>
            <line number="468" hits="2" branch="false"/>
            <line number="469" hits="2" branch="false"/>
            <line number="470" hits="2" branch="false"/>
            <line number="471" hits="2" branch="false"/>
            <line number="472" hits="2" branch="false"/>
            <line number="473" hits="2" branch="false"/>
            <line number="474" hits="2" branch="false"/>
            <line number="475" hits="2" branch="false"/>
            <line number="476" hits="2" branch="false"/>
            <line number="477" hits="2" branch="false"/>
            <line number="478" hits="2" branch="false"/>
            <line number="479" hits="2" branch="false"/>
            <line number="480" hits="2" branch="false"/>
            <line number="481" hits="2" branch="false"/>
            <line number="482" hits="2" branch="false"/>
            <line number="483" hits="2" branch="false"/>
            <line number="484" hits="2" branch="false"/>
            <line number="485" hits="2" branch="false"/>
            <line number="486" hits="2" branch="false"/>
            <line number="487" hits="2" branch="false"/>
            <line number="488" hits="2" branch="false"/>
            <line number="489" hits="2" branch="false"/>
            <line number="490" hits="2" branch="false"/>
            <line number="491" hits="2" branch="false"/>
            <line number="492" hits="2" branch="false"/>
            <line number="493" hits="2" branch="false"/>
            <line number="494" hits="2" branch="false"/>
            <line number="495" hits="2" branch="false"/>
            <line number="496" hits="2" branch="false"/>
            <line number="497" hits="2" branch="false"/>
            <line number="498" hits="2" branch="false"/>
            <line number="499" hits="2" branch="false"/>
            <line number="500" hits="2" branch="false"/>
            <line number="501" hits="2" branch="false"/>
            <line number="502" hits="2" branch="false"/>
            <line number="503" hits="2" branch="false"/>
            <line number="504" hits="2" branch="false"/>
            <line number="505" hits="2" branch="false"/>
            <line number="506" hits="2" branch="false"/>
            <line number="507" hits="2" branch="false"/>
            <line number="508" hits="2" branch="false"/>
            <line number="509" hits="2" branch="false"/>
            <line number="510" hits="2" branch="false"/>
            <line number="511" hits="2" branch="false"/>
            <line number="512" hits="2" branch="false"/>
            <line number="513" hits="2" branch="false"/>
            <line number="514" hits="2" branch="false"/>
            <line number="516" hits="2" branch="false"/>
            <line number="517" hits="2" branch="false"/>
          </lines>
        </class>
        <class name="datagen-interface.R" filename="R/datagen-interface.R" line-rate="0.993197278911565" branch-rate="0" complexity="0">
          <methods>
            <method name=".rmst_sim_model_label" signature="" line-rate="1" branch-rate="0" complexity="0">
              <lines>
                <line number="7" hits="10" branch="false"/>
                <line number="8" hits="3" branch="false"/>
                <line number="9" hits="1" branch="false"/>
                <line number="10" hits="1" branch="false"/>
                <line number="11" hits="1" branch="false"/>
                <line number="12" hits="1" branch="false"/>
                <line number="13" hits="1" branch="false"/>
                <line number="14" hits="1" branch="false"/>
                <line number="15" hits="1" branch="false"/>
              </lines>
            </method>
            <method name="covar_continuous" signature="" line-rate="1" branch-rate="0" complexity="0">
              <lines>
                <line number="44" hits="14" branch="false"/>
                <line number="45" hits="12" branch="false"/>
              </lines>
            </method>
            <method name="covar_binary" signature="" line-rate="1" branch-rate="0" complexity="0">
              <lines>
                <line number="65" hits="10" branch="false"/>
                <line number="66" hits="4" branch="false"/>
                <line number="67" hits="6" branch="false"/>
              </lines>
            </method>
            <method name="covar_categorical" signature="" line-rate="1" branch-rate="0" complexity="0">
              <lines>
                <line number="90" hits="6" branch="false"/>
                <line number="91" hits="1" branch="false"/>
                <line number="92" hits="5" branch="false"/>
                <line number="93" hits="1" branch="false"/>
                <line number="94" hits="4" branch="false"/>
                <line number="95" hits="1" branch="false"/>
                <line number="96" hits="3" branch="false"/>
                <line number="97" hits="3" branch="false"/>
                <line number="98" hits="3" branch="false"/>
              </lines>
            </method>
            <method name="recipe_quick_ph" signature="" line-rate="1" branch-rate="0" complexity="0">
              <lines>
                <line number="150" hits="13" branch="false"/>
                <line number="151" hits="12" branch="false"/>
                <line number="152" hits="12" branch="false"/>
                <line number="153" hits="12" branch="false"/>
                <line number="154" hits="12" branch="false"/>
                <line number="155" hits="12" branch="false"/>
                <line number="156" hits="12" branch="false"/>
                <line number="157" hits="12" branch="false"/>
                <line number="158" hits="12" branch="false"/>
                <line number="159" hits="12" branch="false"/>
                <line number="160" hits="12" branch="false"/>
                <line number="161" hits="12" branch="false"/>
                <line number="162" hits="12" branch="false"/>
                <line number="163" hits="12" branch="false"/>
              </lines>
            </method>
            <method name="rmst.sim" signature="" line-rate="1" branch-rate="0" complexity="0">
              <lines>
                <line number="235" hits="18" branch="false"/>
                <line number="236" hits="18" branch="false"/>
                <line number="237" hits="18" branch="false"/>
                <line number="238" hits="18" branch="false"/>
                <line number="240" hits="17" branch="false"/>
                <line number="241" hits="11" branch="false"/>
                <line number="242" hits="11" branch="false"/>
                <line number="243" hits="11" branch="false"/>
                <line number="244" hits="11" branch="false"/>
                <line number="245" hits="11" branch="false"/>
                <line number="246" hits="6" branch="false"/>
[...]
            <line number="265" hits="14" branch="false"/>
            <line number="266" hits="14" branch="false"/>
            <line number="267" hits="14" branch="false"/>
            <line number="268" hits="14" branch="false"/>
            <line number="269" hits="14" branch="false"/>
            <line number="270" hits="14" branch="false"/>
            <line number="271" hits="14" branch="false"/>
            <line number="272" hits="14" branch="false"/>
            <line number="273" hits="14" branch="false"/>
            <line number="333" hits="7" branch="false"/>
            <line number="334" hits="7" branch="false"/>
            <line number="335" hits="7" branch="false"/>
            <line number="336" hits="7" branch="false"/>
            <line number="337" hits="7" branch="false"/>
            <line number="338" hits="7" branch="false"/>
            <line number="339" hits="7" branch="false"/>
            <line number="341" hits="7" branch="false"/>
            <line number="342" hits="7" branch="false"/>
            <line number="343" hits="7" branch="false"/>
            <line number="344" hits="7" branch="false"/>
            <line number="346" hits="7" branch="false"/>
            <line number="347" hits="7" branch="false"/>
            <line number="349" hits="7" branch="false"/>
            <line number="350" hits="7" branch="false"/>
            <line number="351" hits="7" branch="false"/>
            <line number="352" hits="7" branch="false"/>
            <line number="353" hits="7" branch="false"/>
            <line number="354" hits="7" branch="false"/>
            <line number="355" hits="7" branch="false"/>
            <line number="356" hits="7" branch="false"/>
            <line number="357" hits="7" branch="false"/>
            <line number="358" hits="7" branch="false"/>
            <line number="359" hits="7" branch="false"/>
            <line number="360" hits="7" branch="false"/>
            <line number="361" hits="7" branch="false"/>
            <line number="362" hits="7" branch="false"/>
            <line number="363" hits="7" branch="false"/>
            <line number="364" hits="7" branch="false"/>
            <line number="365" hits="7" branch="false"/>
            <line number="366" hits="7" branch="false"/>
            <line number="367" hits="7" branch="false"/>
            <line number="368" hits="7" branch="false"/>
            <line number="369" hits="7" branch="false"/>
            <line number="370" hits="7" branch="false"/>
            <line number="371" hits="7" branch="false"/>
            <line number="377" hits="13" branch="false"/>
            <line number="378" hits="13" branch="false"/>
            <line number="379" hits="13" branch="false"/>
            <line number="380" hits="13" branch="false"/>
            <line number="381" hits="13" branch="false"/>
            <line number="382" hits="13" branch="false"/>
            <line number="383" hits="13" branch="false"/>
            <line number="384" hits="13" branch="false"/>
            <line number="385" hits="13" branch="false"/>
            <line number="400" hits="3" branch="false"/>
            <line number="401" hits="3" branch="false"/>
            <line number="402" hits="3" branch="false"/>
            <line number="403" hits="3" branch="false"/>
            <line number="404" hits="3" branch="false"/>
            <line number="405" hits="3" branch="false"/>
            <line number="406" hits="3" branch="false"/>
            <line number="407" hits="1" branch="false"/>
            <line number="408" hits="3" branch="false"/>
            <line number="409" hits="3" branch="false"/>
            <line number="410" hits="3" branch="false"/>
            <line number="411" hits="1" branch="false"/>
            <line number="412" hits="1" branch="false"/>
            <line number="413" hits="3" branch="false"/>
            <line number="414" hits="3" branch="false"/>
            <line number="415" hits="3" branch="false"/>
            <line number="416" hits="3" branch="false"/>
            <line number="417" hits="3" branch="false"/>
            <line number="418" hits="3" branch="false"/>
            <line number="419" hits="3" branch="false"/>
            <line number="420" hits="3" branch="false"/>
            <line number="422" hits="3" branch="false"/>
            <line number="437" hits="2" branch="false"/>
            <line number="438" hits="2" branch="false"/>
            <line number="439" hits="2" branch="false"/>
            <line number="440" hits="2" branch="false"/>
            <line number="441" hits="2" branch="false"/>
            <line number="442" hits="2" branch="false"/>
            <line number="443" hits="2" branch="false"/>
            <line number="444" hits="0" branch="false"/>
            <line number="445" hits="2" branch="false"/>
            <line number="446" hits="2" branch="false"/>
            <line number="447" hits="2" branch="false"/>
            <line number="448" hits="1" branch="false"/>
            <line number="449" hits="1" branch="false"/>
            <line number="450" hits="2" branch="false"/>
            <line number="451" hits="2" branch="false"/>
            <line number="452" hits="2" branch="false"/>
            <line number="453" hits="2" branch="false"/>
            <line number="454" hits="2" branch="false"/>
            <line number="455" hits="2" branch="false"/>
            <line number="456" hits="2" branch="false"/>
            <line number="458" hits="2" branch="false"/>
            <line number="475" hits="4" branch="false"/>
            <line number="476" hits="4" branch="false"/>
            <line number="477" hits="4" branch="false"/>
            <line number="478" hits="4" branch="false"/>
            <line number="479" hits="4" branch="false"/>
            <line number="480" hits="4" branch="false"/>
            <line number="481" hits="4" branch="false"/>
            <line number="482" hits="4" branch="false"/>
            <line number="483" hits="4" branch="false"/>
            <line number="484" hits="4" branch="false"/>
            <line number="485" hits="4" branch="false"/>
            <line number="486" hits="4" branch="false"/>
            <line number="487" hits="4" branch="false"/>
            <line number="488" hits="4" branch="false"/>
            <line number="489" hits="4" branch="false"/>
            <line number="490" hits="4" branch="false"/>
            <line number="491" hits="4" branch="false"/>
            <line number="492" hits="4" branch="false"/>
            <line number="493" hits="4" branch="false"/>
            <line number="494" hits="4" branch="false"/>
            <line number="495" hits="4" branch="false"/>
            <line number="496" hits="4" branch="false"/>
            <line number="497" hits="4" branch="false"/>
            <line number="498" hits="4" branch="false"/>
            <line number="499" hits="4" branch="false"/>
            <line number="514" hits="2" branch="false"/>
            <line number="515" hits="2" branch="false"/>
            <line number="516" hits="2" branch="false"/>
            <line number="517" hits="2" branch="false"/>
            <line number="518" hits="2" branch="false"/>
            <line number="519" hits="2" branch="false"/>
            <line number="520" hits="2" branch="false"/>
            <line number="521" hits="2" branch="false"/>
            <line number="522" hits="2" branch="false"/>
            <line number="523" hits="2" branch="false"/>
            <line number="524" hits="2" branch="false"/>
            <line number="525" hits="2" branch="false"/>
            <line number="526" hits="2" branch="false"/>
            <line number="527" hits="2" branch="false"/>
            <line number="528" hits="2" branch="false"/>
            <line number="529" hits="2" branch="false"/>
            <line number="530" hits="2" branch="false"/>
            <line number="531" hits="2" branch="false"/>
            <line number="532" hits="2" branch="false"/>
            <line number="533" hits="2" branch="false"/>
            <line number="534" hits="2" branch="false"/>
            <line number="535" hits="2" branch="false"/>
            <line number="536" hits="2" branch="false"/>
            <line number="537" hits="2" branch="false"/>
            <line number="538" hits="2" branch="false"/>
            <line number="544" hits="4" branch="false"/>
            <line number="545" hits="4" branch="false"/>
            <line number="547" hits="4" branch="false"/>
            <line number="548" hits="4" branch="false"/>
            <line number="550" hits="4" branch="false"/>
            <line number="551" hits="4" branch="false"/>
            <line number="552" hits="4" branch="false"/>
            <line number="555" hits="4" branch="false"/>
            <line number="556" hits="4" branch="false"/>
            <line number="557" hits="4" branch="false"/>
            <line number="560" hits="4" branch="false"/>
            <line number="561" hits="3" branch="false"/>
            <line number="562" hits="3" branch="false"/>
            <line number="564" hits="1" branch="false"/>
            <line number="567" hits="4" branch="false"/>
            <line number="568" hits="3" branch="false"/>
            <line number="569" hits="3" branch="false"/>
            <line number="570" hits="3" branch="false"/>
            <line number="571" hits="3" branch="false"/>
            <line number="574" hits="4" branch="false"/>
            <line number="575" hits="3" branch="false"/>
            <line number="576" hits="3" branch="false"/>
            <line number="577" hits="3" branch="false"/>
            <line number="578" hits="3" branch="false"/>
            <line number="579" hits="3" branch="false"/>
            <line number="580" hits="3" branch="false"/>
            <line number="581" hits="3" branch="false"/>
            <line number="582" hits="3" branch="false"/>
            <line number="583" hits="3" branch="false"/>
            <line number="584" hits="3" branch="false"/>
            <line number="587" hits="4" branch="false"/>
            <line number="588" hits="3" branch="false"/>
            <line number="589" hits="3" branch="false"/>
            <line number="590" hits="3" branch="false"/>
            <line number="591" hits="3" branch="false"/>
            <line number="592" hits="3" branch="false"/>
            <line number="594" hits="3" branch="false"/>
            <line number="595" hits="3" branch="false"/>
            <line number="596" hits="3" branch="false"/>
            <line number="597" hits="3" branch="false"/>
            <line number="600" hits="4" branch="false"/>
            <line number="601" hits="4" branch="false"/>
            <line number="602" hits="4" branch="false"/>
            <line number="603" hits="4" branch="false"/>
            <line number="604" hits="4" branch="false"/>
            <line number="605" hits="2" branch="false"/>
            <line number="606" hits="4" branch="false"/>
            <line number="607" hits="4" branch="false"/>
            <line number="610" hits="4" branch="false"/>
            <line number="611" hits="2" branch="false"/>
            <line number="612" hits="2" branch="false"/>
            <line number="613" hits="2" branch="false"/>
            <line number="616" hits="4" branch="false"/>
            <line number="621" hits="3" branch="false"/>
            <line number="626" hits="1" branch="false"/>
            <line number="643" hits="1" branch="false"/>
            <line number="644" hits="1" branch="false"/>
            <line number="659" hits="1" branch="false"/>
            <line number="660" hits="1" branch="false"/>
          </lines>
        </class>
        <class name="run_app.R" filename="R/run_app.R" line-rate="0.982142857142857" branch-rate="0" complexity="0">
          <methods>
            <method name=".app_dependency_packages" signature="" line-rate="1" branch-rate="0" complexity="0">
              <lines>
                <line number="4" hits="3" branch="false"/>
                <line number="5" hits="3" branch="false"/>
                <line number="6" hits="3" branch="false"/>
                <line number="7" hits="3" branch="false"/>
              </lines>
            </method>
            <method name=".get_missing_app_dependencies" signature="" line-rate="1" branch-rate="0" complexity="0">
              <lines>
                <line number="12" hits="1" branch="false"/>
                <line number="13" hits="1" branch="false"/>
              </lines>
            </method>
            <method name=".install_command_for" signature="" line-rate="1" branch-rate="0" complexity="0">
              <lines>
                <line number="18" hits="6" branch="false"/>
              </lines>
            </method>
            <method name=".is_interactive_session" signature="" line-rate="0" branch-rate="0" complexity="0">
              <lines>
                <line number="23" hits="0" branch="false"/>
              </lines>
            </method>
            <method name=".prompt_install_app_dependencies" signature="" line-rate="1" branch-rate="0" complexity="0">
              <lines>
                <line number="28" hits="1" branch="false"/>
                <line number="29" hits="2" branch="false"/>
                <line number="30" hits="2" branch="false"/>
                <line number="31" hits="2" branch="false"/>
                <line number="32" hits="2" branch="false"/>
                <line number="33" hits="2" branch="false"/>
                <line number="34" hits="2" branch="false"/>
                <line number="35" hits="2" branch="false"/>
                <line number="36" hits="2" branch="false"/>
                <line number="37" hits="2" branch="false"/>
              </lines>
            </method>
            <method name=".install_app_dependencies" signature="" line-rate="1" branch-rate="0" complexity="0">
              <lines>
                <line number="42" hits="1" branch="false"/>
              </lines>
            </method>
            <method name=".ensure_app_dependencies" signature="" line-rate="1" branch-rate="0" complexity="0">
              <lines>
                <line number="47" hits="5" branch="false"/>
                <line number="48" hits="1" branch="false"/>
                <line number="50" hits="4" branch="false"/>
                <line number="51" hits="4" branch="false"/>
                <line number="52" hits="1" branch="false"/>
                <line number="53" hits="1" branch="false"/>
                <line number="54" hits="1" branch="false"/>
                <line number="55" hits="1" branch="false"/>
                <line number="56" hits="1" branch="false"/>
                <line number="59" hits="3" branch="false"/>
                <line number="60" hits="1" branch="false"/>
                <line number="61" hits="1" branch="false"/>
                <line number="62" hits="1" branch="false"/>
                <line number="63" hits="1" branch="false"/>
                <line number="64" hits="1" branch="false"/>
                <line number="65" hits="1" branch="false"/>
                <line number="68" hits="2" branch="false"/>
                <line number="69" hits="2" branch="false"/>
                <line number="70" hits="2" branch="false"/>
                <line number="71" hits="1" branch="false"/>
                <line number="72" hits="1" branch="false"/>
                <line number="73" hits="1" branch="false"/>
                <line number="74" hits="1" branch="false"/>
                <line number="75" hits="1" branch="false"/>
                <line number="76" hits="1" branch="false"/>
                <line number="79" hits="1" branch="false"/>
              </lines>
            </method>
            <method name="run_app" signature="" line-rate="1" branch-rate="0" complexity="0">
              <lines>
                <line number="99" hits="3" branch="false"/>
                <line number="101" hits="3" branch="false"/>
                <line number="102" hits="3" branch="false"/>
                <line number="103" hits="1" branch="false"/>
                <line number="106" hits="3" branch="false"/>
                <line number="107" hits="1" branch="false"/>
                <line number="108" hits="1" branch="false"/>
                <line number="109" hits="1" branch="false"/>
                <line number="110" hits="1" branch="false"/>
                <line number="111" hits="1" branch="false"/>
                <line number="114" hits="2" branch="false"/>
              </lines>
            </method>
          </methods>
          <lines>
            <line number="4" hits="3" branch="false"/>
            <line number="5" hits="3" branch="false"/>
            <line number="6" hits="3" branch="false"/>
            <line number="7" hits="3" branch="false"/>
            <line number="12" hits="1" branch="false"/>
            <line number="13" hits="1" branch="false"/>
            <line number="18" hits="6" branch="false"/>
            <line number="23" hits="0" branch="false"/>
            <line number="28" hits="1" branch="false"/>
            <line number="29" hits="2" branch="false"/>
            <line number="30" hits="2" branch="false"/>
            <line number="31" hits="2" branch="false"/>
            <line number="32" hits="2" branch="false"/>
            <line number="33" hits="2" branch="false"/>
            <line number="34" hits="2" branch="false"/>
            <line number="35" hits="2" branch="false"/>
            <line number="36" hits="2" branch="false"/>
            <line number="37" hits="2" branch="false"/>
            <line number="42" hits="1" branch="false"/>
            <line number="47" hits="5" branch="false"/>
            <line number="48" hits="1" branch="false"/>
            <line number="50" hits="4" branch="false"/>
            <line number="51" hits="4" branch="false"/>
            <line number="52" hits="1" branch="false"/>
            <line number="53" hits="1" branch="false"/>
            <line number="54" hits="1" branch="false"/>
            <line number="55" hits="1" branch="false"/>
            <line number="56" hits="1" branch="false"/>
            <line number="59" hits="3" branch="false"/>
            <line number="60" hits="1" branch="false"/>
            <line number="61" hits="1" branch="false"/>
            <line number="62" hits="1" branch="false"/>
            <line number="63" hits="1" branch="false"/>
            <line number="64" hits="1" branch="false"/>
            <line number="65" hits="1" branch="false"/>
            <line number="68" hits="2" branch="false"/>
            <line number="69" hits="2" branch="false"/>
            <line number="70" hits="2" branch="false"/>
            <line number="71" hits="1" branch="false"/>
            <line number="72" hits="1" branch="false"/>
            <line number="73" hits="1" branch="false"/>
            <line number="74" hits="1" branch="false"/>
            <line number="75" hits="1" branch="false"/>
            <line number="76" hits="1" branch="false"/>
            <line number="79" hits="1" branch="false"/>
            <line number="99" hits="3" branch="false"/>
            <line number="101" hits="3" branch="false"/>
            <line number="102" hits="3" branch="false"/>
            <line number="103" hits="1" branch="false"/>
            <line number="106" hits="3" branch="false"/>
            <line number="107" hits="1" branch="false"/>
            <line number="108" hits="1" branch="false"/>
            <line number="109" hits="1" branch="false"/>
            <line number="110" hits="1" branch="false"/>
            <line number="111" hits="1" branch="false"/>
            <line number="114" hits="2" branch="false"/>
          </lines>
        </class>
      </classes>
    </package>
  </packages>
</coverage>
